[debug] [2023-03-10T03:05:47.815Z] ----------------------------------------------------------------------
[debug] [2023-03-10T03:05:47.816Z] Command:       C:\Program Files\nodejs\node.exe C:\Users\Isaac\AppData\Roaming\npm\node_modules\firebase-tools\lib\bin\firebase.js init
[debug] [2023-03-10T03:05:47.817Z] CLI Version:   11.24.1
[debug] [2023-03-10T03:05:47.817Z] Platform:      win32
[debug] [2023-03-10T03:05:47.817Z] Node Version:  v16.14.2
[debug] [2023-03-10T03:05:47.818Z] Time:          Fri Mar 10 2023 00:05:47 GMT-0300 (Horário Padrão de Brasília)
[debug] [2023-03-10T03:05:47.818Z] ----------------------------------------------------------------------
[debug] 
[debug] [2023-03-10T03:05:47.862Z] Field ".functions.runtime" in "firebase.json" is possibly invalid: should be equal to one of the allowed values
[debug] [2023-03-10T03:05:47.862Z] Field ".functions" in "firebase.json" is possibly invalid: should be array
[debug] [2023-03-10T03:05:47.862Z] Field ".functions" in "firebase.json" is possibly invalid: should match some schema in anyOf
[debug] [2023-03-10T03:05:47.866Z] > command requires scopes: ["email","openid","https://www.googleapis.com/auth/cloudplatformprojects.readonly","https://www.googleapis.com/auth/firebase","https://www.googleapis.com/auth/cloud-platform"]
[debug] [2023-03-10T03:05:47.866Z] > authorizing via signed-in user (vitor2001bidi@gmail.com)
[debug] [2023-03-10T03:05:47.867Z] Field ".functions.runtime" in "firebase.json" is possibly invalid: should be equal to one of the allowed values
[debug] [2023-03-10T03:05:47.867Z] Field ".functions" in "firebase.json" is possibly invalid: should be array
[debug] [2023-03-10T03:05:47.867Z] Field ".functions" in "firebase.json" is possibly invalid: should match some schema in anyOf
[info] 
     ######## #### ########  ######## ########     ###     ######  ########
     ##        ##  ##     ## ##       ##     ##  ##   ##  ##       ##
     ######    ##  ########  ######   ########  #########  ######  ######
     ##        ##  ##    ##  ##       ##     ## ##     ##       ## ##
     ##       #### ##     ## ######## ########  ##     ##  ######  ########

You're about to initialize a Firebase project in this directory:

  C:\Users\Isaac\Desktop\projects\api-redirecter\api

Before we get started, keep in mind:

  * You are initializing within an existing Firebase project directory

[info] 
=== Project Setup
[info] 
[info] First, let's associate this project directory with a Firebase project.
[info] You can create multiple project aliases by running firebase use --add, 
[info] but for now we'll just set up a default project.
[info] 
[debug] [2023-03-10T03:05:54.622Z] Using project from CLI flag: redirecter
[debug] [2023-03-10T03:05:54.623Z] > refreshing access token with scopes: []
[debug] [2023-03-10T03:05:54.624Z] >>> [apiv2][query] POST https://www.googleapis.com/oauth2/v3/token [none]
[debug] [2023-03-10T03:05:54.624Z] >>> [apiv2][body] POST https://www.googleapis.com/oauth2/v3/token [omitted]
[debug] [2023-03-10T03:05:54.834Z] <<< [apiv2][status] POST https://www.googleapis.com/oauth2/v3/token 400
[debug] [2023-03-10T03:05:54.834Z] <<< [apiv2][body] POST https://www.googleapis.com/oauth2/v3/token [omitted]
[debug] [2023-03-10T03:05:54.834Z] >>> [apiv2][query] GET https://firebase.googleapis.com/v1beta1/projects/redirecter [none]
[debug] [2023-03-10T03:05:55.013Z] <<< [apiv2][status] GET https://firebase.googleapis.com/v1beta1/projects/redirecter 401
[debug] [2023-03-10T03:05:55.013Z] <<< [apiv2][body] GET https://firebase.googleapis.com/v1beta1/projects/redirecter {"error":{"code":401,"message":"Request had invalid authentication credentials. Expected OAuth 2 access token, login cookie or other valid authentication credential. See https://developers.google.com/identity/sign-in/web/devconsole-project.","status":"UNAUTHENTICATED"}}
[debug] [2023-03-10T03:05:55.014Z] HTTP Error: 401, Request had invalid authentication credentials. Expected OAuth 2 access token, login cookie or other valid authentication credential. See https://developers.google.com/identity/sign-in/web/devconsole-project.
[debug] [2023-03-10T03:05:55.187Z] FirebaseError: HTTP Error: 401, Request had invalid authentication credentials. Expected OAuth 2 access token, login cookie or other valid authentication credential. See https://developers.google.com/identity/sign-in/web/devconsole-project.
    at responseToError (C:\Users\Isaac\AppData\Roaming\npm\node_modules\firebase-tools\lib\responseToError.js:49:12)
    at RetryOperation._fn (C:\Users\Isaac\AppData\Roaming\npm\node_modules\firebase-tools\lib\apiv2.js:288:77)
    at processTicksAndRejections (node:internal/process/task_queues:96:5)
[error] 
[error] Error: Failed to get Firebase project redirecter. Please make sure the project exists and your account has permission to access it.
[debug] [2023-03-10T03:06:12.065Z] ----------------------------------------------------------------------
[debug] [2023-03-10T03:06:12.066Z] Command:       C:\Program Files\nodejs\node.exe C:\Users\Isaac\AppData\Roaming\npm\node_modules\firebase-tools\lib\bin\firebase.js use --add
[debug] [2023-03-10T03:06:12.067Z] CLI Version:   11.24.1
[debug] [2023-03-10T03:06:12.067Z] Platform:      win32
[debug] [2023-03-10T03:06:12.067Z] Node Version:  v16.14.2
[debug] [2023-03-10T03:06:12.068Z] Time:          Fri Mar 10 2023 00:06:12 GMT-0300 (Horário Padrão de Brasília)
[debug] [2023-03-10T03:06:12.068Z] ----------------------------------------------------------------------
[debug] 
[debug] [2023-03-10T03:06:12.113Z] Field ".functions.runtime" in "firebase.json" is possibly invalid: should be equal to one of the allowed values
[debug] [2023-03-10T03:06:12.113Z] Field ".functions" in "firebase.json" is possibly invalid: should be array
[debug] [2023-03-10T03:06:12.114Z] Field ".functions" in "firebase.json" is possibly invalid: should match some schema in anyOf
[debug] [2023-03-10T03:06:12.119Z] > command requires scopes: ["email","openid","https://www.googleapis.com/auth/cloudplatformprojects.readonly","https://www.googleapis.com/auth/firebase","https://www.googleapis.com/auth/cloud-platform"]
[debug] [2023-03-10T03:06:12.119Z] > authorizing via signed-in user (vitor2001bidi@gmail.com)
[debug] [2023-03-10T03:06:12.120Z] > refreshing access token with scopes: []
[debug] [2023-03-10T03:06:12.122Z] >>> [apiv2][query] POST https://www.googleapis.com/oauth2/v3/token [none]
[debug] [2023-03-10T03:06:12.122Z] >>> [apiv2][body] POST https://www.googleapis.com/oauth2/v3/token [omitted]
[debug] [2023-03-10T03:06:12.324Z] <<< [apiv2][status] POST https://www.googleapis.com/oauth2/v3/token 400
[debug] [2023-03-10T03:06:12.324Z] <<< [apiv2][body] POST https://www.googleapis.com/oauth2/v3/token [omitted]
[debug] [2023-03-10T03:06:12.325Z] >>> [apiv2][query] GET https://firebase.googleapis.com/v1beta1/projects pageSize=1000
[debug] [2023-03-10T03:06:12.516Z] <<< [apiv2][status] GET https://firebase.googleapis.com/v1beta1/projects 401
[debug] [2023-03-10T03:06:12.516Z] <<< [apiv2][body] GET https://firebase.googleapis.com/v1beta1/projects [omitted]
[debug] [2023-03-10T03:06:12.516Z] HTTP Error: 401, Request had invalid authentication credentials. Expected OAuth 2 access token, login cookie or other valid authentication credential. See https://developers.google.com/identity/sign-in/web/devconsole-project.
[debug] [2023-03-10T03:06:12.692Z] FirebaseError: HTTP Error: 401, Request had invalid authentication credentials. Expected OAuth 2 access token, login cookie or other valid authentication credential. See https://developers.google.com/identity/sign-in/web/devconsole-project.
    at responseToError (C:\Users\Isaac\AppData\Roaming\npm\node_modules\firebase-tools\lib\responseToError.js:49:12)
    at RetryOperation._fn (C:\Users\Isaac\AppData\Roaming\npm\node_modules\firebase-tools\lib\apiv2.js:288:77)
    at processTicksAndRejections (node:internal/process/task_queues:96:5)
[error] 
[error] Error: Failed to list Firebase projects. See firebase-debug.log for more info.
[debug] [2023-03-10T03:06:44.338Z] ----------------------------------------------------------------------
[debug] [2023-03-10T03:06:44.340Z] Command:       C:\Program Files\nodejs\node.exe C:\Users\Isaac\AppData\Roaming\npm\node_modules\firebase-tools\lib\bin\firebase.js projects:list
[debug] [2023-03-10T03:06:44.340Z] CLI Version:   11.24.1
[debug] [2023-03-10T03:06:44.340Z] Platform:      win32
[debug] [2023-03-10T03:06:44.340Z] Node Version:  v16.14.2
[debug] [2023-03-10T03:06:44.341Z] Time:          Fri Mar 10 2023 00:06:44 GMT-0300 (Horário Padrão de Brasília)
[debug] [2023-03-10T03:06:44.341Z] ----------------------------------------------------------------------
[debug] 
[debug] [2023-03-10T03:06:44.386Z] Field ".functions.runtime" in "firebase.json" is possibly invalid: should be equal to one of the allowed values
[debug] [2023-03-10T03:06:44.386Z] Field ".functions" in "firebase.json" is possibly invalid: should be array
[debug] [2023-03-10T03:06:44.386Z] Field ".functions" in "firebase.json" is possibly invalid: should match some schema in anyOf
[debug] [2023-03-10T03:06:44.389Z] > command requires scopes: ["email","openid","https://www.googleapis.com/auth/cloudplatformprojects.readonly","https://www.googleapis.com/auth/firebase","https://www.googleapis.com/auth/cloud-platform"]
[debug] [2023-03-10T03:06:44.390Z] > authorizing via signed-in user (vitor2001bidi@gmail.com)
[debug] [2023-03-10T03:06:44.392Z] > refreshing access token with scopes: []
[debug] [2023-03-10T03:06:44.394Z] >>> [apiv2][query] POST https://www.googleapis.com/oauth2/v3/token [none]
[debug] [2023-03-10T03:06:44.394Z] >>> [apiv2][body] POST https://www.googleapis.com/oauth2/v3/token [omitted]
[debug] [2023-03-10T03:06:44.608Z] <<< [apiv2][status] POST https://www.googleapis.com/oauth2/v3/token 400
[debug] [2023-03-10T03:06:44.608Z] <<< [apiv2][body] POST https://www.googleapis.com/oauth2/v3/token [omitted]
[debug] [2023-03-10T03:06:44.609Z] >>> [apiv2][query] GET https://firebase.googleapis.com/v1beta1/projects pageSize=1000
[debug] [2023-03-10T03:06:44.791Z] <<< [apiv2][status] GET https://firebase.googleapis.com/v1beta1/projects 401
[debug] [2023-03-10T03:06:44.792Z] <<< [apiv2][body] GET https://firebase.googleapis.com/v1beta1/projects [omitted]
[debug] [2023-03-10T03:06:44.792Z] HTTP Error: 401, Request had invalid authentication credentials. Expected OAuth 2 access token, login cookie or other valid authentication credential. See https://developers.google.com/identity/sign-in/web/devconsole-project.
[debug] [2023-03-10T03:06:44.970Z] FirebaseError: HTTP Error: 401, Request had invalid authentication credentials. Expected OAuth 2 access token, login cookie or other valid authentication credential. See https://developers.google.com/identity/sign-in/web/devconsole-project.
    at responseToError (C:\Users\Isaac\AppData\Roaming\npm\node_modules\firebase-tools\lib\responseToError.js:49:12)
    at RetryOperation._fn (C:\Users\Isaac\AppData\Roaming\npm\node_modules\firebase-tools\lib\apiv2.js:288:77)
    at processTicksAndRejections (node:internal/process/task_queues:96:5)
[error] 
[error] Error: Failed to list Firebase projects. See firebase-debug.log for more info.
