[debug] [2023-03-10T03:35:33.731Z] ----------------------------------------------------------------------
[debug] [2023-03-10T03:35:33.733Z] Command:       C:\Program Files\nodejs\node.exe C:\Users\Isaac\AppData\Roaming\npm\node_modules\firebase-tools\lib\bin\firebase.js deploy
[debug] [2023-03-10T03:35:33.733Z] CLI Version:   11.24.1
[debug] [2023-03-10T03:35:33.733Z] Platform:      win32
[debug] [2023-03-10T03:35:33.733Z] Node Version:  v16.14.2
[debug] [2023-03-10T03:35:33.734Z] Time:          Fri Mar 10 2023 00:35:33 GMT-0300 (Horário Padrão de Brasília)
[debug] [2023-03-10T03:35:33.734Z] ----------------------------------------------------------------------
[debug] 
[debug] [2023-03-10T03:35:33.784Z] > command requires scopes: ["email","openid","https://www.googleapis.com/auth/cloudplatformprojects.readonly","https://www.googleapis.com/auth/firebase","https://www.googleapis.com/auth/cloud-platform"]
[debug] [2023-03-10T03:35:33.784Z] > authorizing via signed-in user (vitor2001bidi@gmail.com)
[debug] [2023-03-10T03:35:33.784Z] [iam] checking project redirecter for permissions ["cloudfunctions.functions.create","cloudfunctions.functions.delete","cloudfunctions.functions.get","cloudfunctions.functions.list","cloudfunctions.functions.update","cloudfunctions.operations.get","firebase.projects.get","firebasehosting.sites.update"]
[debug] [2023-03-10T03:35:33.786Z] >>> [apiv2][query] POST https://cloudresourcemanager.googleapis.com/v1/projects/redirecter:testIamPermissions [none]
[debug] [2023-03-10T03:35:33.786Z] >>> [apiv2][(partial)header] POST https://cloudresourcemanager.googleapis.com/v1/projects/redirecter:testIamPermissions x-goog-quota-user=projects/redirecter
[debug] [2023-03-10T03:35:33.786Z] >>> [apiv2][body] POST https://cloudresourcemanager.googleapis.com/v1/projects/redirecter:testIamPermissions {"permissions":["cloudfunctions.functions.create","cloudfunctions.functions.delete","cloudfunctions.functions.get","cloudfunctions.functions.list","cloudfunctions.functions.update","cloudfunctions.operations.get","firebase.projects.get","firebasehosting.sites.update"]}
[debug] [2023-03-10T03:35:34.799Z] <<< [apiv2][status] POST https://cloudresourcemanager.googleapis.com/v1/projects/redirecter:testIamPermissions 200
[debug] [2023-03-10T03:35:34.799Z] <<< [apiv2][body] POST https://cloudresourcemanager.googleapis.com/v1/projects/redirecter:testIamPermissions {"permissions":["cloudfunctions.functions.create","cloudfunctions.functions.delete","cloudfunctions.functions.get","cloudfunctions.functions.list","cloudfunctions.functions.update","cloudfunctions.operations.get","firebase.projects.get","firebasehosting.sites.update"]}
[debug] [2023-03-10T03:35:34.800Z] >>> [apiv2][query] POST https://iam.googleapis.com/v1/projects/redirecter/serviceAccounts/redirecter@appspot.gserviceaccount.com:testIamPermissions [none]
[debug] [2023-03-10T03:35:34.800Z] >>> [apiv2][body] POST https://iam.googleapis.com/v1/projects/redirecter/serviceAccounts/redirecter@appspot.gserviceaccount.com:testIamPermissions {"permissions":["iam.serviceAccounts.actAs"]}
[debug] [2023-03-10T03:35:35.722Z] <<< [apiv2][status] POST https://iam.googleapis.com/v1/projects/redirecter/serviceAccounts/redirecter@appspot.gserviceaccount.com:testIamPermissions 200
[debug] [2023-03-10T03:35:35.722Z] <<< [apiv2][body] POST https://iam.googleapis.com/v1/projects/redirecter/serviceAccounts/redirecter@appspot.gserviceaccount.com:testIamPermissions {"permissions":["iam.serviceAccounts.actAs"]}
[debug] [2023-03-10T03:35:35.722Z] >>> [apiv2][query] GET https://firebase.googleapis.com/v1beta1/projects/redirecter [none]
[debug] [2023-03-10T03:35:36.168Z] <<< [apiv2][status] GET https://firebase.googleapis.com/v1beta1/projects/redirecter 200
[debug] [2023-03-10T03:35:36.168Z] <<< [apiv2][body] GET https://firebase.googleapis.com/v1beta1/projects/redirecter {"projectId":"redirecter","projectNumber":"957426270779","displayName":"redirecter","name":"projects/redirecter","resources":{"hostingSite":"redirecter","realtimeDatabaseInstance":"redirecter","storageBucket":"redirecter.appspot.com","locationId":"southamerica-east1"},"state":"ACTIVE","etag":"1_fd5d5bf2-c575-43b4-884c-3bc495984e29"}
[info] 
[info] === Deploying to 'redirecter'...
[info] 
[info] i  deploying functions, hosting 
[info] Running command: npm run build
[info] +  functions: Finished running predeploy script. 
[debug] [2023-03-10T03:35:38.657Z] >>> [apiv2][query] GET https://firebase.googleapis.com/v1beta1/projects/redirecter [none]
[debug] [2023-03-10T03:35:39.104Z] <<< [apiv2][status] GET https://firebase.googleapis.com/v1beta1/projects/redirecter 200
[debug] [2023-03-10T03:35:39.104Z] <<< [apiv2][body] GET https://firebase.googleapis.com/v1beta1/projects/redirecter {"projectId":"redirecter","projectNumber":"957426270779","displayName":"redirecter","name":"projects/redirecter","resources":{"hostingSite":"redirecter","realtimeDatabaseInstance":"redirecter","storageBucket":"redirecter.appspot.com","locationId":"southamerica-east1"},"state":"ACTIVE","etag":"1_fd5d5bf2-c575-43b4-884c-3bc495984e29"}
[info] i  functions: preparing codebase default for deployment 
[info] i  functions: ensuring required API cloudfunctions.googleapis.com is enabled... 
[info] i  functions: ensuring required API cloudbuild.googleapis.com is enabled... 
[info] i  artifactregistry: ensuring required API artifactregistry.googleapis.com is enabled... 
[debug] [2023-03-10T03:35:39.106Z] >>> [apiv2][query] GET https://serviceusage.googleapis.com/v1/projects/redirecter/services/cloudfunctions.googleapis.com [none]
[debug] [2023-03-10T03:35:39.106Z] >>> [apiv2][(partial)header] GET https://serviceusage.googleapis.com/v1/projects/redirecter/services/cloudfunctions.googleapis.com x-goog-quota-user=projects/redirecter
[debug] [2023-03-10T03:35:39.106Z] >>> [apiv2][query] GET https://serviceusage.googleapis.com/v1/projects/redirecter/services/runtimeconfig.googleapis.com [none]
[debug] [2023-03-10T03:35:39.106Z] >>> [apiv2][(partial)header] GET https://serviceusage.googleapis.com/v1/projects/redirecter/services/runtimeconfig.googleapis.com x-goog-quota-user=projects/redirecter
[debug] [2023-03-10T03:35:39.107Z] >>> [apiv2][query] GET https://serviceusage.googleapis.com/v1/projects/redirecter/services/cloudbuild.googleapis.com [none]
[debug] [2023-03-10T03:35:39.107Z] >>> [apiv2][(partial)header] GET https://serviceusage.googleapis.com/v1/projects/redirecter/services/cloudbuild.googleapis.com x-goog-quota-user=projects/redirecter
[debug] [2023-03-10T03:35:39.108Z] >>> [apiv2][query] GET https://serviceusage.googleapis.com/v1/projects/redirecter/services/artifactregistry.googleapis.com [none]
[debug] [2023-03-10T03:35:39.108Z] >>> [apiv2][(partial)header] GET https://serviceusage.googleapis.com/v1/projects/redirecter/services/artifactregistry.googleapis.com x-goog-quota-user=projects/redirecter
[debug] [2023-03-10T03:35:40.212Z] <<< [apiv2][status] GET https://serviceusage.googleapis.com/v1/projects/redirecter/services/artifactregistry.googleapis.com 200
[debug] [2023-03-10T03:35:40.212Z] <<< [apiv2][body] GET https://serviceusage.googleapis.com/v1/projects/redirecter/services/artifactregistry.googleapis.com [omitted]
[info] +  artifactregistry: required API artifactregistry.googleapis.com is enabled 
[debug] [2023-03-10T03:35:40.213Z] <<< [apiv2][status] GET https://serviceusage.googleapis.com/v1/projects/redirecter/services/runtimeconfig.googleapis.com 200
[debug] [2023-03-10T03:35:40.213Z] <<< [apiv2][body] GET https://serviceusage.googleapis.com/v1/projects/redirecter/services/runtimeconfig.googleapis.com [omitted]
[debug] [2023-03-10T03:35:40.217Z] <<< [apiv2][status] GET https://serviceusage.googleapis.com/v1/projects/redirecter/services/cloudbuild.googleapis.com 200
[debug] [2023-03-10T03:35:40.217Z] <<< [apiv2][body] GET https://serviceusage.googleapis.com/v1/projects/redirecter/services/cloudbuild.googleapis.com [omitted]
[info] +  functions: required API cloudbuild.googleapis.com is enabled 
[debug] [2023-03-10T03:35:40.251Z] <<< [apiv2][status] GET https://serviceusage.googleapis.com/v1/projects/redirecter/services/cloudfunctions.googleapis.com 200
[debug] [2023-03-10T03:35:40.251Z] <<< [apiv2][body] GET https://serviceusage.googleapis.com/v1/projects/redirecter/services/cloudfunctions.googleapis.com [omitted]
[info] +  functions: required API cloudfunctions.googleapis.com is enabled 
[debug] [2023-03-10T03:35:40.252Z] >>> [apiv2][query] GET https://firebase.googleapis.com/v1beta1/projects/redirecter/adminSdkConfig [none]
[debug] [2023-03-10T03:35:40.705Z] <<< [apiv2][status] GET https://firebase.googleapis.com/v1beta1/projects/redirecter/adminSdkConfig 200
[debug] [2023-03-10T03:35:40.705Z] <<< [apiv2][body] GET https://firebase.googleapis.com/v1beta1/projects/redirecter/adminSdkConfig {"projectId":"redirecter","databaseURL":"https://redirecter.firebaseio.com","storageBucket":"redirecter.appspot.com","locationId":"southamerica-east1"}
[debug] [2023-03-10T03:35:40.706Z] >>> [apiv2][query] GET https://runtimeconfig.googleapis.com/v1beta1/projects/redirecter/configs [none]
[debug] [2023-03-10T03:35:41.099Z] <<< [apiv2][status] GET https://runtimeconfig.googleapis.com/v1beta1/projects/redirecter/configs 200
[debug] [2023-03-10T03:35:41.099Z] <<< [apiv2][body] GET https://runtimeconfig.googleapis.com/v1beta1/projects/redirecter/configs {}
[debug] [2023-03-10T03:35:41.100Z] Validating nodejs source
[warn] !  functions: package.json indicates an outdated version of firebase-functions. Please upgrade using npm install --save firebase-functions@latest in your functions directory. 
[warn] !  functions: Please note that there will be breaking changes when you upgrade. 
[debug] [2023-03-10T03:35:41.949Z] > [functions] package.json contents: {
  "name": "vpn-redirecter",
  "version": "1.0.0",
  "description": "redirect http request to use ur pc",
  "main": "build/server.js",
  "scripts": {
    "test": "echo \"Error: no test specified\" && exit 1",
    "build": "npx tsc"
  },
  "author": "",
  "license": "ISC",
  "dependencies": {
    "cors": "^2.8.5",
    "dotenv": "^8.2.0",
    "express": "^4.17.1",
    "firebase-admin": "^9.1.1",
    "firebase-functions": "^3.11.0",
    "http-proxy-middleware": "^1.0.5"
  },
  "devDependencies": {
    "@types/express": "^4.17.7",
    "@types/node": "^14.6.0",
    "nodemon": "^2.0.4",
    "ts-node": "^9.0.0",
    "typescript": "^4.0.2"
  },
  "engines": {
    "node": "10"
  }
}
[debug] [2023-03-10T03:35:41.949Z] Building nodejs source
[warn] !  functions: You are using an old version of firebase-functions SDK (3.11.0). Please update firebase-functions SDK to >=3.20.0 
[info] i  functions: Loaded environment variables from .env. 
[info] i  functions: preparing . directory for uploading... 
[info] i  functions: packaged C:\Users\Isaac\Desktop\projects\api-redirecter\api (52.16 KB) for uploading 
[debug] [2023-03-10T03:35:42.721Z] >>> [apiv2][query] GET https://cloudfunctions.googleapis.com/v1/projects/redirecter/locations/-/functions [none]
[debug] [2023-03-10T03:35:44.955Z] <<< [apiv2][status] GET https://cloudfunctions.googleapis.com/v1/projects/redirecter/locations/-/functions 200
[debug] [2023-03-10T03:35:44.955Z] <<< [apiv2][body] GET https://cloudfunctions.googleapis.com/v1/projects/redirecter/locations/-/functions {"functions":[{"name":"projects/redirecter/locations/us-central1/functions/app","httpsTrigger":{"url":"https://us-central1-redirecter.cloudfunctions.net/app","securityLevel":"SECURE_OPTIONAL"},"status":"ACTIVE","entryPoint":"app","timeout":"60s","availableMemoryMb":256,"serviceAccountEmail":"redirecter@appspot.gserviceaccount.com","updateTime":"2020-09-25T17:17:20.112Z","versionId":"4","labels":{"deployment-tool":"cli-firebase"},"sourceUploadUrl":"https://storage.googleapis.com/gcf-upload-us-central1-bbfa5037-bd22-476f-bf3d-10212d32b04b/f2390e73-9609-477a-b931-44bb88a9aaf5.zip","environmentVariables":{"FIREBASE_CONFIG":"{\"projectId\":\"redirecter\",\"databaseURL\":\"https://redirecter.firebaseio.com\",\"storageBucket\":\"redirecter.appspot.com\",\"locationId\":\"southamerica-east1\"}"},"runtime":"nodejs8","ingressSettings":"ALLOW_ALL","buildId":"b2d728f0-9364-44aa-9e6a-7ec6cb40131f","dockerRegistry":"CONTAINER_REGISTRY"}]}
[debug] [2023-03-10T03:35:44.956Z] GCFv1 function has a deprecated runtime: {
  "name": "projects/redirecter/locations/us-central1/functions/app",
  "httpsTrigger": {
    "url": "https://us-central1-redirecter.cloudfunctions.net/app",
    "securityLevel": "SECURE_OPTIONAL"
  },
  "status": "ACTIVE",
  "entryPoint": "app",
  "timeout": "60s",
  "availableMemoryMb": 256,
  "serviceAccountEmail": "redirecter@appspot.gserviceaccount.com",
  "updateTime": "2020-09-25T17:17:20.112Z",
  "versionId": "4",
  "labels": {
    "deployment-tool": "cli-firebase"
  },
  "sourceUploadUrl": "https://storage.googleapis.com/gcf-upload-us-central1-bbfa5037-bd22-476f-bf3d-10212d32b04b/f2390e73-9609-477a-b931-44bb88a9aaf5.zip",
  "environmentVariables": {
    "FIREBASE_CONFIG": "{\"projectId\":\"redirecter\",\"databaseURL\":\"https://redirecter.firebaseio.com\",\"storageBucket\":\"redirecter.appspot.com\",\"locationId\":\"southamerica-east1\"}"
  },
  "runtime": "nodejs8",
  "ingressSettings": "ALLOW_ALL",
  "buildId": "b2d728f0-9364-44aa-9e6a-7ec6cb40131f",
  "dockerRegistry": "CONTAINER_REGISTRY"
}
[debug] [2023-03-10T03:35:44.956Z] >>> [apiv2][query] GET https://cloudfunctions.googleapis.com/v2/projects/redirecter/locations/-/functions filter=environment%3D%22GEN_2%22
[debug] [2023-03-10T03:35:46.224Z] <<< [apiv2][status] GET https://cloudfunctions.googleapis.com/v2/projects/redirecter/locations/-/functions 200
[debug] [2023-03-10T03:35:46.224Z] <<< [apiv2][body] GET https://cloudfunctions.googleapis.com/v2/projects/redirecter/locations/-/functions {}
[debug] [2023-03-10T03:35:46.228Z] >>> [apiv2][query] GET https://firebase.googleapis.com/v1beta1/projects/redirecter [none]
[debug] [2023-03-10T03:35:46.664Z] <<< [apiv2][status] GET https://firebase.googleapis.com/v1beta1/projects/redirecter 200
[debug] [2023-03-10T03:35:46.664Z] <<< [apiv2][body] GET https://firebase.googleapis.com/v1beta1/projects/redirecter {"projectId":"redirecter","projectNumber":"957426270779","displayName":"redirecter","name":"projects/redirecter","resources":{"hostingSite":"redirecter","realtimeDatabaseInstance":"redirecter","storageBucket":"redirecter.appspot.com","locationId":"southamerica-east1"},"state":"ACTIVE","etag":"1_fd5d5bf2-c575-43b4-884c-3bc495984e29"}
[debug] [2023-03-10T03:35:46.666Z] >>> [apiv2][query] POST https://firebasehosting.googleapis.com/v1beta1/projects/-/sites/redirecter/versions [none]
[debug] [2023-03-10T03:35:46.666Z] >>> [apiv2][body] POST https://firebasehosting.googleapis.com/v1beta1/projects/-/sites/redirecter/versions {"status":"CREATED","labels":{"deployment-tool":"cli-firebase"}}
[debug] [2023-03-10T03:35:48.024Z] <<< [apiv2][status] POST https://firebasehosting.googleapis.com/v1beta1/projects/-/sites/redirecter/versions 200
[debug] [2023-03-10T03:35:48.024Z] <<< [apiv2][body] POST https://firebasehosting.googleapis.com/v1beta1/projects/-/sites/redirecter/versions {"name":"projects/957426270779/sites/redirecter/versions/a89ec58014be39e3","status":"CREATED","config":{},"labels":{"deployment-tool":"cli-firebase"}}
[debug] [2023-03-10T03:35:48.025Z] >>> [apiv2][query] POST https://cloudfunctions.googleapis.com/v1/projects/redirecter/locations/us-central1/functions:generateUploadUrl [none]
[debug] [2023-03-10T03:35:48.025Z] >>> [apiv2][body] POST https://cloudfunctions.googleapis.com/v1/projects/redirecter/locations/us-central1/functions:generateUploadUrl {}
[debug] [2023-03-10T03:35:49.728Z] <<< [apiv2][status] POST https://cloudfunctions.googleapis.com/v1/projects/redirecter/locations/us-central1/functions:generateUploadUrl 200
[debug] [2023-03-10T03:35:49.728Z] <<< [apiv2][body] POST https://cloudfunctions.googleapis.com/v1/projects/redirecter/locations/us-central1/functions:generateUploadUrl {"uploadUrl":"https://storage.googleapis.com/uploads-207513475349.us-central1.cloudfunctions.appspot.com/3ae9d27f-2aeb-42c2-a58c-9f88cbd5c567.zip?GoogleAccessId=service-957426270779@gcf-admin-robot.iam.gserviceaccount.com&Expires=1678421149&Signature=Ka9k40jE5fMVGmjpZEqe37Xv0hG5b33CYySraEinsdA%2FBMl9B4QirrbEta%2F5kkl4KwEc3tgGy30Uus8BPzWndIeysQ2EAWCMtx%2BGaQFn8IEKyHAX4fFhSuj9VogOleroaRsRH%2F8%2BQ0owf%2BlIaQ%2F6X9Aq%2Fce%2FdQDon%2BasbYSXftAXF74o%2BYEaj7On17yigJwuosrhtFnbwoDBcdHNBI8TA%2Bz6WVez%2FmRAOx7xtB0P8iX1QIyIFNS9jOqD5W7VJjWcIktI3DpEPw4GhUEDL5DKryodTMJuBbAq69Gn5ApWrNFHIqSU67mrJBcBBWuiwhayNbZaeqaRqBbZHxet7YAlQg%3D%3D"}
[debug] [2023-03-10T03:35:49.729Z] >>> [apiv2][query] PUT https://storage.googleapis.com/uploads-207513475349.us-central1.cloudfunctions.appspot.com/3ae9d27f-2aeb-42c2-a58c-9f88cbd5c567.zip GoogleAccessId=service-957426270779%40gcf-admin-robot.iam.gserviceaccount.com&Expires=1678421149&Signature=Ka9k40jE5fMVGmjpZEqe37Xv0hG5b33CYySraEinsdA%2FBMl9B4QirrbEta%2F5kkl4KwEc3tgGy30Uus8BPzWndIeysQ2EAWCMtx%2BGaQFn8IEKyHAX4fFhSuj9VogOleroaRsRH%2F8%2BQ0owf%2BlIaQ%2F6X9Aq%2Fce%2FdQDon%2BasbYSXftAXF74o%2BYEaj7On17yigJwuosrhtFnbwoDBcdHNBI8TA%2Bz6WVez%2FmRAOx7xtB0P8iX1QIyIFNS9jOqD5W7VJjWcIktI3DpEPw4GhUEDL5DKryodTMJuBbAq69Gn5ApWrNFHIqSU67mrJBcBBWuiwhayNbZaeqaRqBbZHxet7YAlQg%3D%3D
[debug] [2023-03-10T03:35:49.729Z] >>> [apiv2][body] PUT https://storage.googleapis.com/uploads-207513475349.us-central1.cloudfunctions.appspot.com/3ae9d27f-2aeb-42c2-a58c-9f88cbd5c567.zip [stream]
[debug] [2023-03-10T03:35:50.198Z] <<< [apiv2][status] PUT https://storage.googleapis.com/uploads-207513475349.us-central1.cloudfunctions.appspot.com/3ae9d27f-2aeb-42c2-a58c-9f88cbd5c567.zip 200
[debug] [2023-03-10T03:35:50.198Z] <<< [apiv2][body] PUT https://storage.googleapis.com/uploads-207513475349.us-central1.cloudfunctions.appspot.com/3ae9d27f-2aeb-42c2-a58c-9f88cbd5c567.zip [omitted]
[info] +  functions: . folder uploaded successfully 
[info] i  hosting[redirecter]: beginning deploy... 
[info] i  hosting[redirecter]: found 7 files in build 
[debug] [2023-03-10T03:35:50.204Z] [hosting] uploading with 200 concurrency
[debug] [2023-03-10T03:35:50.211Z] [hosting] hash cache [YnVpbGQ] stored for 7 files
[debug] [2023-03-10T03:35:50.211Z] [hosting][hash queue][FINAL] {"max":3,"min":1,"avg":2.4285714285714284,"active":0,"complete":7,"success":7,"errored":0,"retried":0,"total":7,"elapsed":6}
[debug] [2023-03-10T03:35:50.212Z] >>> [apiv2][query] POST https://firebasehosting.googleapis.com/v1beta1/projects/957426270779/sites/redirecter/versions/a89ec58014be39e3:populateFiles [none]
[debug] [2023-03-10T03:35:50.212Z] >>> [apiv2][body] POST https://firebasehosting.googleapis.com/v1beta1/projects/957426270779/sites/redirecter/versions/a89ec58014be39e3:populateFiles {"files":{"/index.html":"d191922f73945483e5f68b1cafdc536273005e137c0b6647722ec92703265fc1","/server.js":"72e1016a97aa5b701b3ff84a2d88e0b5392345eee38c6dec593ed5f72887f96c","/models/api.dto.js":"7b55f112a65993e8c954e1d00a431a4e0b6931de8acd71f78520265f8118c38b","/serviceAccountKey.json":"680c1a27e80ff80f5ec110af60155808ab64b98b2250258d0d646c6e67e29957","/routes/proxy.route.js":"1acc051ca9a198d8fe32912817c2816782310a9b59793a6645b433f1fe9e4226","/routes/admin.routes.js":"630a82a2107cb0b94a0fc65dbf0d5d4b768aab292df401a00ce529cef0b95629","/services/admin.service.js":"2f63e77c5a7b7eaa59a0b009e0274db38ab6da4dc3ea766e2a98d25b9dc3c674"}}
[debug] [2023-03-10T03:35:51.351Z] <<< [apiv2][status] POST https://firebasehosting.googleapis.com/v1beta1/projects/957426270779/sites/redirecter/versions/a89ec58014be39e3:populateFiles 200
[debug] [2023-03-10T03:35:51.351Z] <<< [apiv2][body] POST https://firebasehosting.googleapis.com/v1beta1/projects/957426270779/sites/redirecter/versions/a89ec58014be39e3:populateFiles {"uploadUrl":"https://upload-firebasehosting.googleapis.com/upload/sites/redirecter/versions/a89ec58014be39e3/files"}
[debug] [2023-03-10T03:35:51.352Z] [hosting][populate queue][FINAL] {"max":1142,"min":1142,"avg":1142,"active":0,"complete":1,"success":1,"errored":0,"retried":0,"total":1,"elapsed":1142}
[debug] [2023-03-10T03:35:51.352Z] [hosting] uploads queued: 0
[debug] [2023-03-10T03:35:51.352Z] [hosting][upload queue][FINAL] {"max":0,"min":9999999999,"avg":0,"active":0,"complete":0,"success":0,"errored":0,"retried":0,"total":0,"elapsed":1678419351352}
[info] +  hosting[redirecter]: file upload complete 
[debug] [2023-03-10T03:35:51.352Z] [hosting] deploy completed after 1153ms
[info] i  functions: updating Node.js 10 function app(us-central1)... 
[debug] [2023-03-10T03:35:51.356Z] >>> [apiv2][query] PATCH https://cloudfunctions.googleapis.com/v1/projects/redirecter/locations/us-central1/functions/app updateMask=name%2CsourceUploadUrl%2CentryPoint%2Cruntime%2CdockerRegistry%2Clabels%2ChttpsTrigger.securityLevel%2CenvironmentVariables%2CavailableMemoryMb%2CsourceToken
[debug] [2023-03-10T03:35:51.356Z] >>> [apiv2][body] PATCH https://cloudfunctions.googleapis.com/v1/projects/redirecter/locations/us-central1/functions/app {"name":"projects/redirecter/locations/us-central1/functions/app","sourceUploadUrl":"https://storage.googleapis.com/uploads-207513475349.us-central1.cloudfunctions.appspot.com/3ae9d27f-2aeb-42c2-a58c-9f88cbd5c567.zip?GoogleAccessId=service-957426270779@gcf-admin-robot.iam.gserviceaccount.com&Expires=1678421149&Signature=Ka9k40jE5fMVGmjpZEqe37Xv0hG5b33CYySraEinsdA%2FBMl9B4QirrbEta%2F5kkl4KwEc3tgGy30Uus8BPzWndIeysQ2EAWCMtx%2BGaQFn8IEKyHAX4fFhSuj9VogOleroaRsRH%2F8%2BQ0owf%2BlIaQ%2F6X9Aq%2Fce%2FdQDon%2BasbYSXftAXF74o%2BYEaj7On17yigJwuosrhtFnbwoDBcdHNBI8TA%2Bz6WVez%2FmRAOx7xtB0P8iX1QIyIFNS9jOqD5W7VJjWcIktI3DpEPw4GhUEDL5DKryodTMJuBbAq69Gn5ApWrNFHIqSU67mrJBcBBWuiwhayNbZaeqaRqBbZHxet7YAlQg%3D%3D","entryPoint":"app","runtime":"nodejs10","dockerRegistry":"ARTIFACT_REGISTRY","labels":{"deployment-tool":"cli-firebase","firebase-functions-hash":"6d840c7ccf53d210a9d24116d4d4c535903bdc8a"},"httpsTrigger":{"securityLevel":"SECURE_OPTIONAL"},"environmentVariables":{"DATABASE_URL":"https://redirecter.firebaseio.com","APIS_COLLECTION":"apis","ERASE_PASSWORD":"CHICORITA11","FIREBASE_CONFIG":"{\"projectId\":\"redirecter\",\"databaseURL\":\"https://redirecter.firebaseio.com\",\"storageBucket\":\"redirecter.appspot.com\",\"locationId\":\"southamerica-east1\"}","GCLOUD_PROJECT":"redirecter","EVENTARC_CLOUD_EVENT_SOURCE":"projects/redirecter/locations/us-central1/functions/app"},"availableMemoryMb":256}
[debug] [2023-03-10T03:35:52.387Z] <<< [apiv2][status] PATCH https://cloudfunctions.googleapis.com/v1/projects/redirecter/locations/us-central1/functions/app 200
[debug] [2023-03-10T03:35:52.388Z] <<< [apiv2][body] PATCH https://cloudfunctions.googleapis.com/v1/projects/redirecter/locations/us-central1/functions/app {"name":"operations/cmVkaXJlY3Rlci91cy1jZW50cmFsMS9hcHAvV21UR2dlTl9GRDQ","metadata":{"@type":"type.googleapis.com/google.cloud.functions.v1.OperationMetadataV1","target":"projects/redirecter/locations/us-central1/functions/app","type":"UPDATE_FUNCTION","request":{"@type":"type.googleapis.com/google.cloud.functions.v1.CloudFunction","name":"projects/redirecter/locations/us-central1/functions/app","httpsTrigger":{"url":"https://us-central1-redirecter.cloudfunctions.net/app","securityLevel":"SECURE_OPTIONAL"},"status":"ACTIVE","entryPoint":"app","timeout":"60s","availableMemoryMb":256,"serviceAccountEmail":"redirecter@appspot.gserviceaccount.com","updateTime":"2020-09-25T17:17:20.112Z","versionId":"4","labels":{"deployment-tool":"cli-firebase","firebase-functions-hash":"6d840c7ccf53d210a9d24116d4d4c535903bdc8a"},"sourceUploadUrl":"https://storage.googleapis.com/uploads-207513475349.us-central1.cloudfunctions.appspot.com/3ae9d27f-2aeb-42c2-a58c-9f88cbd5c567.zip?GoogleAccessId=service-957426270779@gcf-admin-robot.iam.gserviceaccount.com&Expires=1678421149&Signature=Ka9k40jE5fMVGmjpZEqe37Xv0hG5b33CYySraEinsdA%2FBMl9B4QirrbEta%2F5kkl4KwEc3tgGy30Uus8BPzWndIeysQ2EAWCMtx%2BGaQFn8IEKyHAX4fFhSuj9VogOleroaRsRH%2F8%2BQ0owf%2BlIaQ%2F6X9Aq%2Fce%2FdQDon%2BasbYSXftAXF74o%2BYEaj7On17yigJwuosrhtFnbwoDBcdHNBI8TA%2Bz6WVez%2FmRAOx7xtB0P8iX1QIyIFNS9jOqD5W7VJjWcIktI3DpEPw4GhUEDL5DKryodTMJuBbAq69Gn5ApWrNFHIqSU67mrJBcBBWuiwhayNbZaeqaRqBbZHxet7YAlQg%3D%3D","environmentVariables":{"DATABASE_URL":"https://redirecter.firebaseio.com","APIS_COLLECTION":"apis","ERASE_PASSWORD":"CHICORITA11","FIREBASE_CONFIG":"{\"projectId\":\"redirecter\",\"databaseURL\":\"https://redirecter.firebaseio.com\",\"storageBucket\":\"redirecter.appspot.com\",\"locationId\":\"southamerica-east1\"}","GCLOUD_PROJECT":"redirecter","EVENTARC_CLOUD_EVENT_SOURCE":"projects/redirecter/locations/us-central1/functions/app"},"runtime":"nodejs10","ingressSettings":"ALLOW_ALL","buildId":"b2d728f0-9364-44aa-9e6a-7ec6cb40131f","dockerRegistry":"ARTIFACT_REGISTRY"},"versionId":"5","updateTime":"2023-03-10T03:35:52Z"}}
[debug] [2023-03-10T03:35:52.388Z] >>> [apiv2][query] GET https://cloudfunctions.googleapis.com/v1/operations/cmVkaXJlY3Rlci91cy1jZW50cmFsMS9hcHAvV21UR2dlTl9GRDQ [none]
[debug] [2023-03-10T03:35:53.048Z] <<< [apiv2][status] GET https://cloudfunctions.googleapis.com/v1/operations/cmVkaXJlY3Rlci91cy1jZW50cmFsMS9hcHAvV21UR2dlTl9GRDQ 200
[debug] [2023-03-10T03:35:53.048Z] <<< [apiv2][body] GET https://cloudfunctions.googleapis.com/v1/operations/cmVkaXJlY3Rlci91cy1jZW50cmFsMS9hcHAvV21UR2dlTl9GRDQ {"name":"operations/cmVkaXJlY3Rlci91cy1jZW50cmFsMS9hcHAvV21UR2dlTl9GRDQ","metadata":{"@type":"type.googleapis.com/google.cloud.functions.v1.OperationMetadataV1","target":"projects/redirecter/locations/us-central1/functions/app","type":"UPDATE_FUNCTION","request":{"@type":"type.googleapis.com/google.cloud.functions.v1.CloudFunction","name":"projects/redirecter/locations/us-central1/functions/app","httpsTrigger":{"url":"https://us-central1-redirecter.cloudfunctions.net/app","securityLevel":"SECURE_OPTIONAL"},"status":"ACTIVE","entryPoint":"app","timeout":"60s","availableMemoryMb":256,"serviceAccountEmail":"redirecter@appspot.gserviceaccount.com","updateTime":"2020-09-25T17:17:20.112Z","versionId":"4","labels":{"deployment-tool":"cli-firebase","firebase-functions-hash":"6d840c7ccf53d210a9d24116d4d4c535903bdc8a"},"sourceUploadUrl":"https://storage.googleapis.com/uploads-207513475349.us-central1.cloudfunctions.appspot.com/3ae9d27f-2aeb-42c2-a58c-9f88cbd5c567.zip?GoogleAccessId=service-957426270779@gcf-admin-robot.iam.gserviceaccount.com&Expires=1678421149&Signature=Ka9k40jE5fMVGmjpZEqe37Xv0hG5b33CYySraEinsdA%2FBMl9B4QirrbEta%2F5kkl4KwEc3tgGy30Uus8BPzWndIeysQ2EAWCMtx%2BGaQFn8IEKyHAX4fFhSuj9VogOleroaRsRH%2F8%2BQ0owf%2BlIaQ%2F6X9Aq%2Fce%2FdQDon%2BasbYSXftAXF74o%2BYEaj7On17yigJwuosrhtFnbwoDBcdHNBI8TA%2Bz6WVez%2FmRAOx7xtB0P8iX1QIyIFNS9jOqD5W7VJjWcIktI3DpEPw4GhUEDL5DKryodTMJuBbAq69Gn5ApWrNFHIqSU67mrJBcBBWuiwhayNbZaeqaRqBbZHxet7YAlQg%3D%3D","environmentVariables":{"DATABASE_URL":"https://redirecter.firebaseio.com","APIS_COLLECTION":"apis","ERASE_PASSWORD":"CHICORITA11","FIREBASE_CONFIG":"{\"projectId\":\"redirecter\",\"databaseURL\":\"https://redirecter.firebaseio.com\",\"storageBucket\":\"redirecter.appspot.com\",\"locationId\":\"southamerica-east1\"}","GCLOUD_PROJECT":"redirecter","EVENTARC_CLOUD_EVENT_SOURCE":"projects/redirecter/locations/us-central1/functions/app"},"runtime":"nodejs10","ingressSettings":"ALLOW_ALL","buildId":"b2d728f0-9364-44aa-9e6a-7ec6cb40131f","dockerRegistry":"ARTIFACT_REGISTRY"},"versionId":"5","updateTime":"2023-03-10T03:35:52Z"}}
[debug] [2023-03-10T03:35:53.552Z] [update-default-us-central1-app] Retrying task index 0
[debug] [2023-03-10T03:35:53.552Z] >>> [apiv2][query] GET https://cloudfunctions.googleapis.com/v1/operations/cmVkaXJlY3Rlci91cy1jZW50cmFsMS9hcHAvV21UR2dlTl9GRDQ [none]
[debug] [2023-03-10T03:35:54.298Z] <<< [apiv2][status] GET https://cloudfunctions.googleapis.com/v1/operations/cmVkaXJlY3Rlci91cy1jZW50cmFsMS9hcHAvV21UR2dlTl9GRDQ 200
[debug] [2023-03-10T03:35:54.298Z] <<< [apiv2][body] GET https://cloudfunctions.googleapis.com/v1/operations/cmVkaXJlY3Rlci91cy1jZW50cmFsMS9hcHAvV21UR2dlTl9GRDQ {"name":"operations/cmVkaXJlY3Rlci91cy1jZW50cmFsMS9hcHAvV21UR2dlTl9GRDQ","metadata":{"@type":"type.googleapis.com/google.cloud.functions.v1.OperationMetadataV1","target":"projects/redirecter/locations/us-central1/functions/app","type":"UPDATE_FUNCTION","request":{"@type":"type.googleapis.com/google.cloud.functions.v1.CloudFunction","name":"projects/redirecter/locations/us-central1/functions/app","httpsTrigger":{"url":"https://us-central1-redirecter.cloudfunctions.net/app","securityLevel":"SECURE_OPTIONAL"},"status":"ACTIVE","entryPoint":"app","timeout":"60s","availableMemoryMb":256,"serviceAccountEmail":"redirecter@appspot.gserviceaccount.com","updateTime":"2020-09-25T17:17:20.112Z","versionId":"4","labels":{"deployment-tool":"cli-firebase","firebase-functions-hash":"6d840c7ccf53d210a9d24116d4d4c535903bdc8a"},"sourceUploadUrl":"https://storage.googleapis.com/uploads-207513475349.us-central1.cloudfunctions.appspot.com/3ae9d27f-2aeb-42c2-a58c-9f88cbd5c567.zip?GoogleAccessId=service-957426270779@gcf-admin-robot.iam.gserviceaccount.com&Expires=1678421149&Signature=Ka9k40jE5fMVGmjpZEqe37Xv0hG5b33CYySraEinsdA%2FBMl9B4QirrbEta%2F5kkl4KwEc3tgGy30Uus8BPzWndIeysQ2EAWCMtx%2BGaQFn8IEKyHAX4fFhSuj9VogOleroaRsRH%2F8%2BQ0owf%2BlIaQ%2F6X9Aq%2Fce%2FdQDon%2BasbYSXftAXF74o%2BYEaj7On17yigJwuosrhtFnbwoDBcdHNBI8TA%2Bz6WVez%2FmRAOx7xtB0P8iX1QIyIFNS9jOqD5W7VJjWcIktI3DpEPw4GhUEDL5DKryodTMJuBbAq69Gn5ApWrNFHIqSU67mrJBcBBWuiwhayNbZaeqaRqBbZHxet7YAlQg%3D%3D","environmentVariables":{"DATABASE_URL":"https://redirecter.firebaseio.com","APIS_COLLECTION":"apis","ERASE_PASSWORD":"CHICORITA11","FIREBASE_CONFIG":"{\"projectId\":\"redirecter\",\"databaseURL\":\"https://redirecter.firebaseio.com\",\"storageBucket\":\"redirecter.appspot.com\",\"locationId\":\"southamerica-east1\"}","GCLOUD_PROJECT":"redirecter","EVENTARC_CLOUD_EVENT_SOURCE":"projects/redirecter/locations/us-central1/functions/app"},"runtime":"nodejs10","ingressSettings":"ALLOW_ALL","buildId":"b2d728f0-9364-44aa-9e6a-7ec6cb40131f","dockerRegistry":"ARTIFACT_REGISTRY"},"versionId":"5","updateTime":"2023-03-10T03:35:52Z"}}
[debug] [2023-03-10T03:35:55.312Z] [update-default-us-central1-app] Retrying task index 0
[debug] [2023-03-10T03:35:55.313Z] >>> [apiv2][query] GET https://cloudfunctions.googleapis.com/v1/operations/cmVkaXJlY3Rlci91cy1jZW50cmFsMS9hcHAvV21UR2dlTl9GRDQ [none]
[debug] [2023-03-10T03:35:55.992Z] <<< [apiv2][status] GET https://cloudfunctions.googleapis.com/v1/operations/cmVkaXJlY3Rlci91cy1jZW50cmFsMS9hcHAvV21UR2dlTl9GRDQ 200
[debug] [2023-03-10T03:35:55.992Z] <<< [apiv2][body] GET https://cloudfunctions.googleapis.com/v1/operations/cmVkaXJlY3Rlci91cy1jZW50cmFsMS9hcHAvV21UR2dlTl9GRDQ {"name":"operations/cmVkaXJlY3Rlci91cy1jZW50cmFsMS9hcHAvV21UR2dlTl9GRDQ","metadata":{"@type":"type.googleapis.com/google.cloud.functions.v1.OperationMetadataV1","target":"projects/redirecter/locations/us-central1/functions/app","type":"UPDATE_FUNCTION","request":{"@type":"type.googleapis.com/google.cloud.functions.v1.CloudFunction","name":"projects/redirecter/locations/us-central1/functions/app","httpsTrigger":{"url":"https://us-central1-redirecter.cloudfunctions.net/app","securityLevel":"SECURE_OPTIONAL"},"status":"ACTIVE","entryPoint":"app","timeout":"60s","availableMemoryMb":256,"serviceAccountEmail":"redirecter@appspot.gserviceaccount.com","updateTime":"2020-09-25T17:17:20.112Z","versionId":"4","labels":{"deployment-tool":"cli-firebase","firebase-functions-hash":"6d840c7ccf53d210a9d24116d4d4c535903bdc8a"},"sourceUploadUrl":"https://storage.googleapis.com/uploads-207513475349.us-central1.cloudfunctions.appspot.com/3ae9d27f-2aeb-42c2-a58c-9f88cbd5c567.zip?GoogleAccessId=service-957426270779@gcf-admin-robot.iam.gserviceaccount.com&Expires=1678421149&Signature=Ka9k40jE5fMVGmjpZEqe37Xv0hG5b33CYySraEinsdA%2FBMl9B4QirrbEta%2F5kkl4KwEc3tgGy30Uus8BPzWndIeysQ2EAWCMtx%2BGaQFn8IEKyHAX4fFhSuj9VogOleroaRsRH%2F8%2BQ0owf%2BlIaQ%2F6X9Aq%2Fce%2FdQDon%2BasbYSXftAXF74o%2BYEaj7On17yigJwuosrhtFnbwoDBcdHNBI8TA%2Bz6WVez%2FmRAOx7xtB0P8iX1QIyIFNS9jOqD5W7VJjWcIktI3DpEPw4GhUEDL5DKryodTMJuBbAq69Gn5ApWrNFHIqSU67mrJBcBBWuiwhayNbZaeqaRqBbZHxet7YAlQg%3D%3D","environmentVariables":{"DATABASE_URL":"https://redirecter.firebaseio.com","APIS_COLLECTION":"apis","ERASE_PASSWORD":"CHICORITA11","FIREBASE_CONFIG":"{\"projectId\":\"redirecter\",\"databaseURL\":\"https://redirecter.firebaseio.com\",\"storageBucket\":\"redirecter.appspot.com\",\"locationId\":\"southamerica-east1\"}","GCLOUD_PROJECT":"redirecter","EVENTARC_CLOUD_EVENT_SOURCE":"projects/redirecter/locations/us-central1/functions/app"},"runtime":"nodejs10","ingressSettings":"ALLOW_ALL","buildId":"b2d728f0-9364-44aa-9e6a-7ec6cb40131f","dockerRegistry":"ARTIFACT_REGISTRY"},"versionId":"5","updateTime":"2023-03-10T03:35:52Z"}}
[debug] [2023-03-10T03:35:58.001Z] [update-default-us-central1-app] Retrying task index 0
[debug] [2023-03-10T03:35:58.001Z] >>> [apiv2][query] GET https://cloudfunctions.googleapis.com/v1/operations/cmVkaXJlY3Rlci91cy1jZW50cmFsMS9hcHAvV21UR2dlTl9GRDQ [none]
[debug] [2023-03-10T03:35:58.657Z] <<< [apiv2][status] GET https://cloudfunctions.googleapis.com/v1/operations/cmVkaXJlY3Rlci91cy1jZW50cmFsMS9hcHAvV21UR2dlTl9GRDQ 200
[debug] [2023-03-10T03:35:58.657Z] <<< [apiv2][body] GET https://cloudfunctions.googleapis.com/v1/operations/cmVkaXJlY3Rlci91cy1jZW50cmFsMS9hcHAvV21UR2dlTl9GRDQ {"name":"operations/cmVkaXJlY3Rlci91cy1jZW50cmFsMS9hcHAvV21UR2dlTl9GRDQ","metadata":{"@type":"type.googleapis.com/google.cloud.functions.v1.OperationMetadataV1","target":"projects/redirecter/locations/us-central1/functions/app","type":"UPDATE_FUNCTION","request":{"@type":"type.googleapis.com/google.cloud.functions.v1.CloudFunction","name":"projects/redirecter/locations/us-central1/functions/app","httpsTrigger":{"url":"https://us-central1-redirecter.cloudfunctions.net/app","securityLevel":"SECURE_OPTIONAL"},"status":"ACTIVE","entryPoint":"app","timeout":"60s","availableMemoryMb":256,"serviceAccountEmail":"redirecter@appspot.gserviceaccount.com","updateTime":"2020-09-25T17:17:20.112Z","versionId":"4","labels":{"deployment-tool":"cli-firebase","firebase-functions-hash":"6d840c7ccf53d210a9d24116d4d4c535903bdc8a"},"sourceUploadUrl":"https://storage.googleapis.com/uploads-207513475349.us-central1.cloudfunctions.appspot.com/3ae9d27f-2aeb-42c2-a58c-9f88cbd5c567.zip?GoogleAccessId=service-957426270779@gcf-admin-robot.iam.gserviceaccount.com&Expires=1678421149&Signature=Ka9k40jE5fMVGmjpZEqe37Xv0hG5b33CYySraEinsdA%2FBMl9B4QirrbEta%2F5kkl4KwEc3tgGy30Uus8BPzWndIeysQ2EAWCMtx%2BGaQFn8IEKyHAX4fFhSuj9VogOleroaRsRH%2F8%2BQ0owf%2BlIaQ%2F6X9Aq%2Fce%2FdQDon%2BasbYSXftAXF74o%2BYEaj7On17yigJwuosrhtFnbwoDBcdHNBI8TA%2Bz6WVez%2FmRAOx7xtB0P8iX1QIyIFNS9jOqD5W7VJjWcIktI3DpEPw4GhUEDL5DKryodTMJuBbAq69Gn5ApWrNFHIqSU67mrJBcBBWuiwhayNbZaeqaRqBbZHxet7YAlQg%3D%3D","environmentVariables":{"DATABASE_URL":"https://redirecter.firebaseio.com","APIS_COLLECTION":"apis","ERASE_PASSWORD":"CHICORITA11","FIREBASE_CONFIG":"{\"projectId\":\"redirecter\",\"databaseURL\":\"https://redirecter.firebaseio.com\",\"storageBucket\":\"redirecter.appspot.com\",\"locationId\":\"southamerica-east1\"}","GCLOUD_PROJECT":"redirecter","EVENTARC_CLOUD_EVENT_SOURCE":"projects/redirecter/locations/us-central1/functions/app"},"runtime":"nodejs10","ingressSettings":"ALLOW_ALL","buildId":"b2d728f0-9364-44aa-9e6a-7ec6cb40131f","dockerRegistry":"ARTIFACT_REGISTRY"},"versionId":"5","updateTime":"2023-03-10T03:35:52Z"}}
[debug] [2023-03-10T03:36:02.666Z] [update-default-us-central1-app] Retrying task index 0
[debug] [2023-03-10T03:36:02.666Z] >>> [apiv2][query] GET https://cloudfunctions.googleapis.com/v1/operations/cmVkaXJlY3Rlci91cy1jZW50cmFsMS9hcHAvV21UR2dlTl9GRDQ [none]
[debug] [2023-03-10T03:36:03.308Z] <<< [apiv2][status] GET https://cloudfunctions.googleapis.com/v1/operations/cmVkaXJlY3Rlci91cy1jZW50cmFsMS9hcHAvV21UR2dlTl9GRDQ 200
[debug] [2023-03-10T03:36:03.308Z] <<< [apiv2][body] GET https://cloudfunctions.googleapis.com/v1/operations/cmVkaXJlY3Rlci91cy1jZW50cmFsMS9hcHAvV21UR2dlTl9GRDQ {"name":"operations/cmVkaXJlY3Rlci91cy1jZW50cmFsMS9hcHAvV21UR2dlTl9GRDQ","metadata":{"@type":"type.googleapis.com/google.cloud.functions.v1.OperationMetadataV1","target":"projects/redirecter/locations/us-central1/functions/app","type":"UPDATE_FUNCTION","request":{"@type":"type.googleapis.com/google.cloud.functions.v1.CloudFunction","name":"projects/redirecter/locations/us-central1/functions/app","httpsTrigger":{"url":"https://us-central1-redirecter.cloudfunctions.net/app","securityLevel":"SECURE_OPTIONAL"},"status":"ACTIVE","entryPoint":"app","timeout":"60s","availableMemoryMb":256,"serviceAccountEmail":"redirecter@appspot.gserviceaccount.com","updateTime":"2020-09-25T17:17:20.112Z","versionId":"4","labels":{"deployment-tool":"cli-firebase","firebase-functions-hash":"6d840c7ccf53d210a9d24116d4d4c535903bdc8a"},"sourceUploadUrl":"https://storage.googleapis.com/uploads-207513475349.us-central1.cloudfunctions.appspot.com/3ae9d27f-2aeb-42c2-a58c-9f88cbd5c567.zip?GoogleAccessId=service-957426270779@gcf-admin-robot.iam.gserviceaccount.com&Expires=1678421149&Signature=Ka9k40jE5fMVGmjpZEqe37Xv0hG5b33CYySraEinsdA%2FBMl9B4QirrbEta%2F5kkl4KwEc3tgGy30Uus8BPzWndIeysQ2EAWCMtx%2BGaQFn8IEKyHAX4fFhSuj9VogOleroaRsRH%2F8%2BQ0owf%2BlIaQ%2F6X9Aq%2Fce%2FdQDon%2BasbYSXftAXF74o%2BYEaj7On17yigJwuosrhtFnbwoDBcdHNBI8TA%2Bz6WVez%2FmRAOx7xtB0P8iX1QIyIFNS9jOqD5W7VJjWcIktI3DpEPw4GhUEDL5DKryodTMJuBbAq69Gn5ApWrNFHIqSU67mrJBcBBWuiwhayNbZaeqaRqBbZHxet7YAlQg%3D%3D","environmentVariables":{"DATABASE_URL":"https://redirecter.firebaseio.com","APIS_COLLECTION":"apis","ERASE_PASSWORD":"CHICORITA11","FIREBASE_CONFIG":"{\"projectId\":\"redirecter\",\"databaseURL\":\"https://redirecter.firebaseio.com\",\"storageBucket\":\"redirecter.appspot.com\",\"locationId\":\"southamerica-east1\"}","GCLOUD_PROJECT":"redirecter","EVENTARC_CLOUD_EVENT_SOURCE":"projects/redirecter/locations/us-central1/functions/app"},"runtime":"nodejs10","ingressSettings":"ALLOW_ALL","buildId":"b2d728f0-9364-44aa-9e6a-7ec6cb40131f","dockerRegistry":"ARTIFACT_REGISTRY"},"versionId":"5","updateTime":"2023-03-10T03:35:52Z"}}
[debug] [2023-03-10T03:36:11.316Z] [update-default-us-central1-app] Retrying task index 0
[debug] [2023-03-10T03:36:11.317Z] >>> [apiv2][query] GET https://cloudfunctions.googleapis.com/v1/operations/cmVkaXJlY3Rlci91cy1jZW50cmFsMS9hcHAvV21UR2dlTl9GRDQ [none]
[debug] [2023-03-10T03:36:11.951Z] <<< [apiv2][status] GET https://cloudfunctions.googleapis.com/v1/operations/cmVkaXJlY3Rlci91cy1jZW50cmFsMS9hcHAvV21UR2dlTl9GRDQ 200
[debug] [2023-03-10T03:36:11.951Z] <<< [apiv2][body] GET https://cloudfunctions.googleapis.com/v1/operations/cmVkaXJlY3Rlci91cy1jZW50cmFsMS9hcHAvV21UR2dlTl9GRDQ {"name":"operations/cmVkaXJlY3Rlci91cy1jZW50cmFsMS9hcHAvV21UR2dlTl9GRDQ","metadata":{"@type":"type.googleapis.com/google.cloud.functions.v1.OperationMetadataV1","target":"projects/redirecter/locations/us-central1/functions/app","type":"UPDATE_FUNCTION","request":{"@type":"type.googleapis.com/google.cloud.functions.v1.CloudFunction","name":"projects/redirecter/locations/us-central1/functions/app","httpsTrigger":{"url":"https://us-central1-redirecter.cloudfunctions.net/app","securityLevel":"SECURE_OPTIONAL"},"status":"ACTIVE","entryPoint":"app","timeout":"60s","availableMemoryMb":256,"serviceAccountEmail":"redirecter@appspot.gserviceaccount.com","updateTime":"2020-09-25T17:17:20.112Z","versionId":"4","labels":{"deployment-tool":"cli-firebase","firebase-functions-hash":"6d840c7ccf53d210a9d24116d4d4c535903bdc8a"},"sourceUploadUrl":"https://storage.googleapis.com/uploads-207513475349.us-central1.cloudfunctions.appspot.com/3ae9d27f-2aeb-42c2-a58c-9f88cbd5c567.zip?GoogleAccessId=service-957426270779@gcf-admin-robot.iam.gserviceaccount.com&Expires=1678421149&Signature=Ka9k40jE5fMVGmjpZEqe37Xv0hG5b33CYySraEinsdA%2FBMl9B4QirrbEta%2F5kkl4KwEc3tgGy30Uus8BPzWndIeysQ2EAWCMtx%2BGaQFn8IEKyHAX4fFhSuj9VogOleroaRsRH%2F8%2BQ0owf%2BlIaQ%2F6X9Aq%2Fce%2FdQDon%2BasbYSXftAXF74o%2BYEaj7On17yigJwuosrhtFnbwoDBcdHNBI8TA%2Bz6WVez%2FmRAOx7xtB0P8iX1QIyIFNS9jOqD5W7VJjWcIktI3DpEPw4GhUEDL5DKryodTMJuBbAq69Gn5ApWrNFHIqSU67mrJBcBBWuiwhayNbZaeqaRqBbZHxet7YAlQg%3D%3D","environmentVariables":{"DATABASE_URL":"https://redirecter.firebaseio.com","APIS_COLLECTION":"apis","ERASE_PASSWORD":"CHICORITA11","FIREBASE_CONFIG":"{\"projectId\":\"redirecter\",\"databaseURL\":\"https://redirecter.firebaseio.com\",\"storageBucket\":\"redirecter.appspot.com\",\"locationId\":\"southamerica-east1\"}","GCLOUD_PROJECT":"redirecter","EVENTARC_CLOUD_EVENT_SOURCE":"projects/redirecter/locations/us-central1/functions/app"},"runtime":"nodejs10","ingressSettings":"ALLOW_ALL","buildId":"b2d728f0-9364-44aa-9e6a-7ec6cb40131f","dockerRegistry":"ARTIFACT_REGISTRY"},"versionId":"5","updateTime":"2023-03-10T03:35:52Z","buildId":"68db6b3f-440a-4acf-ac57-6f808d5eb4e3","buildName":"projects/957426270779/locations/us-central1/builds/68db6b3f-440a-4acf-ac57-6f808d5eb4e3"}}
[debug] [2023-03-10T03:36:21.955Z] [update-default-us-central1-app] Retrying task index 0
[debug] [2023-03-10T03:36:21.955Z] >>> [apiv2][query] GET https://cloudfunctions.googleapis.com/v1/operations/cmVkaXJlY3Rlci91cy1jZW50cmFsMS9hcHAvV21UR2dlTl9GRDQ [none]
[debug] [2023-03-10T03:36:22.679Z] <<< [apiv2][status] GET https://cloudfunctions.googleapis.com/v1/operations/cmVkaXJlY3Rlci91cy1jZW50cmFsMS9hcHAvV21UR2dlTl9GRDQ 200
[debug] [2023-03-10T03:36:22.679Z] <<< [apiv2][body] GET https://cloudfunctions.googleapis.com/v1/operations/cmVkaXJlY3Rlci91cy1jZW50cmFsMS9hcHAvV21UR2dlTl9GRDQ {"name":"operations/cmVkaXJlY3Rlci91cy1jZW50cmFsMS9hcHAvV21UR2dlTl9GRDQ","metadata":{"@type":"type.googleapis.com/google.cloud.functions.v1.OperationMetadataV1","target":"projects/redirecter/locations/us-central1/functions/app","type":"UPDATE_FUNCTION","request":{"@type":"type.googleapis.com/google.cloud.functions.v1.CloudFunction","name":"projects/redirecter/locations/us-central1/functions/app","httpsTrigger":{"url":"https://us-central1-redirecter.cloudfunctions.net/app","securityLevel":"SECURE_OPTIONAL"},"status":"ACTIVE","entryPoint":"app","timeout":"60s","availableMemoryMb":256,"serviceAccountEmail":"redirecter@appspot.gserviceaccount.com","updateTime":"2020-09-25T17:17:20.112Z","versionId":"4","labels":{"deployment-tool":"cli-firebase","firebase-functions-hash":"6d840c7ccf53d210a9d24116d4d4c535903bdc8a"},"sourceUploadUrl":"https://storage.googleapis.com/uploads-207513475349.us-central1.cloudfunctions.appspot.com/3ae9d27f-2aeb-42c2-a58c-9f88cbd5c567.zip?GoogleAccessId=service-957426270779@gcf-admin-robot.iam.gserviceaccount.com&Expires=1678421149&Signature=Ka9k40jE5fMVGmjpZEqe37Xv0hG5b33CYySraEinsdA%2FBMl9B4QirrbEta%2F5kkl4KwEc3tgGy30Uus8BPzWndIeysQ2EAWCMtx%2BGaQFn8IEKyHAX4fFhSuj9VogOleroaRsRH%2F8%2BQ0owf%2BlIaQ%2F6X9Aq%2Fce%2FdQDon%2BasbYSXftAXF74o%2BYEaj7On17yigJwuosrhtFnbwoDBcdHNBI8TA%2Bz6WVez%2FmRAOx7xtB0P8iX1QIyIFNS9jOqD5W7VJjWcIktI3DpEPw4GhUEDL5DKryodTMJuBbAq69Gn5ApWrNFHIqSU67mrJBcBBWuiwhayNbZaeqaRqBbZHxet7YAlQg%3D%3D","environmentVariables":{"DATABASE_URL":"https://redirecter.firebaseio.com","APIS_COLLECTION":"apis","ERASE_PASSWORD":"CHICORITA11","FIREBASE_CONFIG":"{\"projectId\":\"redirecter\",\"databaseURL\":\"https://redirecter.firebaseio.com\",\"storageBucket\":\"redirecter.appspot.com\",\"locationId\":\"southamerica-east1\"}","GCLOUD_PROJECT":"redirecter","EVENTARC_CLOUD_EVENT_SOURCE":"projects/redirecter/locations/us-central1/functions/app"},"runtime":"nodejs10","ingressSettings":"ALLOW_ALL","buildId":"b2d728f0-9364-44aa-9e6a-7ec6cb40131f","dockerRegistry":"ARTIFACT_REGISTRY"},"versionId":"5","updateTime":"2023-03-10T03:35:52Z","buildId":"68db6b3f-440a-4acf-ac57-6f808d5eb4e3","buildName":"projects/957426270779/locations/us-central1/builds/68db6b3f-440a-4acf-ac57-6f808d5eb4e3"}}
[debug] [2023-03-10T03:36:32.694Z] [update-default-us-central1-app] Retrying task index 0
[debug] [2023-03-10T03:36:32.695Z] >>> [apiv2][query] GET https://cloudfunctions.googleapis.com/v1/operations/cmVkaXJlY3Rlci91cy1jZW50cmFsMS9hcHAvV21UR2dlTl9GRDQ [none]
[debug] [2023-03-10T03:36:33.355Z] <<< [apiv2][status] GET https://cloudfunctions.googleapis.com/v1/operations/cmVkaXJlY3Rlci91cy1jZW50cmFsMS9hcHAvV21UR2dlTl9GRDQ 200
[debug] [2023-03-10T03:36:33.355Z] <<< [apiv2][body] GET https://cloudfunctions.googleapis.com/v1/operations/cmVkaXJlY3Rlci91cy1jZW50cmFsMS9hcHAvV21UR2dlTl9GRDQ {"name":"operations/cmVkaXJlY3Rlci91cy1jZW50cmFsMS9hcHAvV21UR2dlTl9GRDQ","metadata":{"@type":"type.googleapis.com/google.cloud.functions.v1.OperationMetadataV1","target":"projects/redirecter/locations/us-central1/functions/app","type":"UPDATE_FUNCTION","request":{"@type":"type.googleapis.com/google.cloud.functions.v1.CloudFunction","name":"projects/redirecter/locations/us-central1/functions/app","httpsTrigger":{"url":"https://us-central1-redirecter.cloudfunctions.net/app","securityLevel":"SECURE_OPTIONAL"},"status":"ACTIVE","entryPoint":"app","timeout":"60s","availableMemoryMb":256,"serviceAccountEmail":"redirecter@appspot.gserviceaccount.com","updateTime":"2020-09-25T17:17:20.112Z","versionId":"4","labels":{"deployment-tool":"cli-firebase","firebase-functions-hash":"6d840c7ccf53d210a9d24116d4d4c535903bdc8a"},"sourceUploadUrl":"https://storage.googleapis.com/uploads-207513475349.us-central1.cloudfunctions.appspot.com/3ae9d27f-2aeb-42c2-a58c-9f88cbd5c567.zip?GoogleAccessId=service-957426270779@gcf-admin-robot.iam.gserviceaccount.com&Expires=1678421149&Signature=Ka9k40jE5fMVGmjpZEqe37Xv0hG5b33CYySraEinsdA%2FBMl9B4QirrbEta%2F5kkl4KwEc3tgGy30Uus8BPzWndIeysQ2EAWCMtx%2BGaQFn8IEKyHAX4fFhSuj9VogOleroaRsRH%2F8%2BQ0owf%2BlIaQ%2F6X9Aq%2Fce%2FdQDon%2BasbYSXftAXF74o%2BYEaj7On17yigJwuosrhtFnbwoDBcdHNBI8TA%2Bz6WVez%2FmRAOx7xtB0P8iX1QIyIFNS9jOqD5W7VJjWcIktI3DpEPw4GhUEDL5DKryodTMJuBbAq69Gn5ApWrNFHIqSU67mrJBcBBWuiwhayNbZaeqaRqBbZHxet7YAlQg%3D%3D","environmentVariables":{"DATABASE_URL":"https://redirecter.firebaseio.com","APIS_COLLECTION":"apis","ERASE_PASSWORD":"CHICORITA11","FIREBASE_CONFIG":"{\"projectId\":\"redirecter\",\"databaseURL\":\"https://redirecter.firebaseio.com\",\"storageBucket\":\"redirecter.appspot.com\",\"locationId\":\"southamerica-east1\"}","GCLOUD_PROJECT":"redirecter","EVENTARC_CLOUD_EVENT_SOURCE":"projects/redirecter/locations/us-central1/functions/app"},"runtime":"nodejs10","ingressSettings":"ALLOW_ALL","buildId":"b2d728f0-9364-44aa-9e6a-7ec6cb40131f","dockerRegistry":"ARTIFACT_REGISTRY"},"versionId":"5","updateTime":"2023-03-10T03:35:52Z","buildId":"68db6b3f-440a-4acf-ac57-6f808d5eb4e3","buildName":"projects/957426270779/locations/us-central1/builds/68db6b3f-440a-4acf-ac57-6f808d5eb4e3"}}
[debug] [2023-03-10T03:36:43.364Z] [update-default-us-central1-app] Retrying task index 0
[debug] [2023-03-10T03:36:43.365Z] >>> [apiv2][query] GET https://cloudfunctions.googleapis.com/v1/operations/cmVkaXJlY3Rlci91cy1jZW50cmFsMS9hcHAvV21UR2dlTl9GRDQ [none]
[debug] [2023-03-10T03:36:44.012Z] <<< [apiv2][status] GET https://cloudfunctions.googleapis.com/v1/operations/cmVkaXJlY3Rlci91cy1jZW50cmFsMS9hcHAvV21UR2dlTl9GRDQ 200
[debug] [2023-03-10T03:36:44.012Z] <<< [apiv2][body] GET https://cloudfunctions.googleapis.com/v1/operations/cmVkaXJlY3Rlci91cy1jZW50cmFsMS9hcHAvV21UR2dlTl9GRDQ {"name":"operations/cmVkaXJlY3Rlci91cy1jZW50cmFsMS9hcHAvV21UR2dlTl9GRDQ","metadata":{"@type":"type.googleapis.com/google.cloud.functions.v1.OperationMetadataV1","target":"projects/redirecter/locations/us-central1/functions/app","type":"UPDATE_FUNCTION","request":{"@type":"type.googleapis.com/google.cloud.functions.v1.CloudFunction","name":"projects/redirecter/locations/us-central1/functions/app","httpsTrigger":{"url":"https://us-central1-redirecter.cloudfunctions.net/app","securityLevel":"SECURE_OPTIONAL"},"status":"ACTIVE","entryPoint":"app","timeout":"60s","availableMemoryMb":256,"serviceAccountEmail":"redirecter@appspot.gserviceaccount.com","updateTime":"2020-09-25T17:17:20.112Z","versionId":"4","labels":{"deployment-tool":"cli-firebase","firebase-functions-hash":"6d840c7ccf53d210a9d24116d4d4c535903bdc8a"},"sourceUploadUrl":"https://storage.googleapis.com/uploads-207513475349.us-central1.cloudfunctions.appspot.com/3ae9d27f-2aeb-42c2-a58c-9f88cbd5c567.zip?GoogleAccessId=service-957426270779@gcf-admin-robot.iam.gserviceaccount.com&Expires=1678421149&Signature=Ka9k40jE5fMVGmjpZEqe37Xv0hG5b33CYySraEinsdA%2FBMl9B4QirrbEta%2F5kkl4KwEc3tgGy30Uus8BPzWndIeysQ2EAWCMtx%2BGaQFn8IEKyHAX4fFhSuj9VogOleroaRsRH%2F8%2BQ0owf%2BlIaQ%2F6X9Aq%2Fce%2FdQDon%2BasbYSXftAXF74o%2BYEaj7On17yigJwuosrhtFnbwoDBcdHNBI8TA%2Bz6WVez%2FmRAOx7xtB0P8iX1QIyIFNS9jOqD5W7VJjWcIktI3DpEPw4GhUEDL5DKryodTMJuBbAq69Gn5ApWrNFHIqSU67mrJBcBBWuiwhayNbZaeqaRqBbZHxet7YAlQg%3D%3D","environmentVariables":{"DATABASE_URL":"https://redirecter.firebaseio.com","APIS_COLLECTION":"apis","ERASE_PASSWORD":"CHICORITA11","FIREBASE_CONFIG":"{\"projectId\":\"redirecter\",\"databaseURL\":\"https://redirecter.firebaseio.com\",\"storageBucket\":\"redirecter.appspot.com\",\"locationId\":\"southamerica-east1\"}","GCLOUD_PROJECT":"redirecter","EVENTARC_CLOUD_EVENT_SOURCE":"projects/redirecter/locations/us-central1/functions/app"},"runtime":"nodejs10","ingressSettings":"ALLOW_ALL","buildId":"b2d728f0-9364-44aa-9e6a-7ec6cb40131f","dockerRegistry":"ARTIFACT_REGISTRY"},"versionId":"5","updateTime":"2023-03-10T03:35:52Z","buildId":"68db6b3f-440a-4acf-ac57-6f808d5eb4e3","buildName":"projects/957426270779/locations/us-central1/builds/68db6b3f-440a-4acf-ac57-6f808d5eb4e3"}}
[debug] [2023-03-10T03:36:54.028Z] [update-default-us-central1-app] Retrying task index 0
[debug] [2023-03-10T03:36:54.028Z] >>> [apiv2][query] GET https://cloudfunctions.googleapis.com/v1/operations/cmVkaXJlY3Rlci91cy1jZW50cmFsMS9hcHAvV21UR2dlTl9GRDQ [none]
[debug] [2023-03-10T03:36:54.730Z] <<< [apiv2][status] GET https://cloudfunctions.googleapis.com/v1/operations/cmVkaXJlY3Rlci91cy1jZW50cmFsMS9hcHAvV21UR2dlTl9GRDQ 200
[debug] [2023-03-10T03:36:54.730Z] <<< [apiv2][body] GET https://cloudfunctions.googleapis.com/v1/operations/cmVkaXJlY3Rlci91cy1jZW50cmFsMS9hcHAvV21UR2dlTl9GRDQ {"name":"operations/cmVkaXJlY3Rlci91cy1jZW50cmFsMS9hcHAvV21UR2dlTl9GRDQ","metadata":{"@type":"type.googleapis.com/google.cloud.functions.v1.OperationMetadataV1","target":"projects/redirecter/locations/us-central1/functions/app","type":"UPDATE_FUNCTION","request":{"@type":"type.googleapis.com/google.cloud.functions.v1.CloudFunction","name":"projects/redirecter/locations/us-central1/functions/app","httpsTrigger":{"url":"https://us-central1-redirecter.cloudfunctions.net/app","securityLevel":"SECURE_OPTIONAL"},"status":"ACTIVE","entryPoint":"app","timeout":"60s","availableMemoryMb":256,"serviceAccountEmail":"redirecter@appspot.gserviceaccount.com","updateTime":"2020-09-25T17:17:20.112Z","versionId":"4","labels":{"deployment-tool":"cli-firebase","firebase-functions-hash":"6d840c7ccf53d210a9d24116d4d4c535903bdc8a"},"sourceUploadUrl":"https://storage.googleapis.com/uploads-207513475349.us-central1.cloudfunctions.appspot.com/3ae9d27f-2aeb-42c2-a58c-9f88cbd5c567.zip?GoogleAccessId=service-957426270779@gcf-admin-robot.iam.gserviceaccount.com&Expires=1678421149&Signature=Ka9k40jE5fMVGmjpZEqe37Xv0hG5b33CYySraEinsdA%2FBMl9B4QirrbEta%2F5kkl4KwEc3tgGy30Uus8BPzWndIeysQ2EAWCMtx%2BGaQFn8IEKyHAX4fFhSuj9VogOleroaRsRH%2F8%2BQ0owf%2BlIaQ%2F6X9Aq%2Fce%2FdQDon%2BasbYSXftAXF74o%2BYEaj7On17yigJwuosrhtFnbwoDBcdHNBI8TA%2Bz6WVez%2FmRAOx7xtB0P8iX1QIyIFNS9jOqD5W7VJjWcIktI3DpEPw4GhUEDL5DKryodTMJuBbAq69Gn5ApWrNFHIqSU67mrJBcBBWuiwhayNbZaeqaRqBbZHxet7YAlQg%3D%3D","environmentVariables":{"DATABASE_URL":"https://redirecter.firebaseio.com","APIS_COLLECTION":"apis","ERASE_PASSWORD":"CHICORITA11","FIREBASE_CONFIG":"{\"projectId\":\"redirecter\",\"databaseURL\":\"https://redirecter.firebaseio.com\",\"storageBucket\":\"redirecter.appspot.com\",\"locationId\":\"southamerica-east1\"}","GCLOUD_PROJECT":"redirecter","EVENTARC_CLOUD_EVENT_SOURCE":"projects/redirecter/locations/us-central1/functions/app"},"runtime":"nodejs10","ingressSettings":"ALLOW_ALL","buildId":"b2d728f0-9364-44aa-9e6a-7ec6cb40131f","dockerRegistry":"ARTIFACT_REGISTRY"},"versionId":"5","updateTime":"2023-03-10T03:35:52Z","buildId":"68db6b3f-440a-4acf-ac57-6f808d5eb4e3","sourceToken":"0b19941c-f005-433e-8267-86cb31cc897d","buildName":"projects/957426270779/locations/us-central1/builds/68db6b3f-440a-4acf-ac57-6f808d5eb4e3"}}
[debug] [2023-03-10T03:36:54.730Z] Got source token 0b19941c-f005-433e-8267-86cb31cc897d for region us-central1
[debug] [2023-03-10T03:37:04.745Z] [update-default-us-central1-app] Retrying task index 0
[debug] [2023-03-10T03:37:04.745Z] >>> [apiv2][query] GET https://cloudfunctions.googleapis.com/v1/operations/cmVkaXJlY3Rlci91cy1jZW50cmFsMS9hcHAvV21UR2dlTl9GRDQ [none]
[debug] [2023-03-10T03:37:05.452Z] <<< [apiv2][status] GET https://cloudfunctions.googleapis.com/v1/operations/cmVkaXJlY3Rlci91cy1jZW50cmFsMS9hcHAvV21UR2dlTl9GRDQ 200
[debug] [2023-03-10T03:37:05.452Z] <<< [apiv2][body] GET https://cloudfunctions.googleapis.com/v1/operations/cmVkaXJlY3Rlci91cy1jZW50cmFsMS9hcHAvV21UR2dlTl9GRDQ {"name":"operations/cmVkaXJlY3Rlci91cy1jZW50cmFsMS9hcHAvV21UR2dlTl9GRDQ","metadata":{"@type":"type.googleapis.com/google.cloud.functions.v1.OperationMetadataV1","target":"projects/redirecter/locations/us-central1/functions/app","type":"UPDATE_FUNCTION","request":{"@type":"type.googleapis.com/google.cloud.functions.v1.CloudFunction","name":"projects/redirecter/locations/us-central1/functions/app","httpsTrigger":{"url":"https://us-central1-redirecter.cloudfunctions.net/app","securityLevel":"SECURE_OPTIONAL"},"status":"ACTIVE","entryPoint":"app","timeout":"60s","availableMemoryMb":256,"serviceAccountEmail":"redirecter@appspot.gserviceaccount.com","updateTime":"2020-09-25T17:17:20.112Z","versionId":"4","labels":{"deployment-tool":"cli-firebase","firebase-functions-hash":"6d840c7ccf53d210a9d24116d4d4c535903bdc8a"},"sourceUploadUrl":"https://storage.googleapis.com/uploads-207513475349.us-central1.cloudfunctions.appspot.com/3ae9d27f-2aeb-42c2-a58c-9f88cbd5c567.zip?GoogleAccessId=service-957426270779@gcf-admin-robot.iam.gserviceaccount.com&Expires=1678421149&Signature=Ka9k40jE5fMVGmjpZEqe37Xv0hG5b33CYySraEinsdA%2FBMl9B4QirrbEta%2F5kkl4KwEc3tgGy30Uus8BPzWndIeysQ2EAWCMtx%2BGaQFn8IEKyHAX4fFhSuj9VogOleroaRsRH%2F8%2BQ0owf%2BlIaQ%2F6X9Aq%2Fce%2FdQDon%2BasbYSXftAXF74o%2BYEaj7On17yigJwuosrhtFnbwoDBcdHNBI8TA%2Bz6WVez%2FmRAOx7xtB0P8iX1QIyIFNS9jOqD5W7VJjWcIktI3DpEPw4GhUEDL5DKryodTMJuBbAq69Gn5ApWrNFHIqSU67mrJBcBBWuiwhayNbZaeqaRqBbZHxet7YAlQg%3D%3D","environmentVariables":{"DATABASE_URL":"https://redirecter.firebaseio.com","APIS_COLLECTION":"apis","ERASE_PASSWORD":"CHICORITA11","FIREBASE_CONFIG":"{\"projectId\":\"redirecter\",\"databaseURL\":\"https://redirecter.firebaseio.com\",\"storageBucket\":\"redirecter.appspot.com\",\"locationId\":\"southamerica-east1\"}","GCLOUD_PROJECT":"redirecter","EVENTARC_CLOUD_EVENT_SOURCE":"projects/redirecter/locations/us-central1/functions/app"},"runtime":"nodejs10","ingressSettings":"ALLOW_ALL","buildId":"b2d728f0-9364-44aa-9e6a-7ec6cb40131f","dockerRegistry":"ARTIFACT_REGISTRY"},"versionId":"5","updateTime":"2023-03-10T03:35:52Z","buildId":"68db6b3f-440a-4acf-ac57-6f808d5eb4e3","sourceToken":"0b19941c-f005-433e-8267-86cb31cc897d","buildName":"projects/957426270779/locations/us-central1/builds/68db6b3f-440a-4acf-ac57-6f808d5eb4e3"}}
[debug] [2023-03-10T03:37:05.452Z] Got source token 0b19941c-f005-433e-8267-86cb31cc897d for region us-central1
[debug] [2023-03-10T03:37:15.460Z] [update-default-us-central1-app] Retrying task index 0
[debug] [2023-03-10T03:37:15.460Z] >>> [apiv2][query] GET https://cloudfunctions.googleapis.com/v1/operations/cmVkaXJlY3Rlci91cy1jZW50cmFsMS9hcHAvV21UR2dlTl9GRDQ [none]
[debug] [2023-03-10T03:37:16.099Z] <<< [apiv2][status] GET https://cloudfunctions.googleapis.com/v1/operations/cmVkaXJlY3Rlci91cy1jZW50cmFsMS9hcHAvV21UR2dlTl9GRDQ 200
[debug] [2023-03-10T03:37:16.099Z] <<< [apiv2][body] GET https://cloudfunctions.googleapis.com/v1/operations/cmVkaXJlY3Rlci91cy1jZW50cmFsMS9hcHAvV21UR2dlTl9GRDQ {"name":"operations/cmVkaXJlY3Rlci91cy1jZW50cmFsMS9hcHAvV21UR2dlTl9GRDQ","metadata":{"@type":"type.googleapis.com/google.cloud.functions.v1.OperationMetadataV1","target":"projects/redirecter/locations/us-central1/functions/app","type":"UPDATE_FUNCTION","request":{"@type":"type.googleapis.com/google.cloud.functions.v1.CloudFunction","name":"projects/redirecter/locations/us-central1/functions/app","httpsTrigger":{"url":"https://us-central1-redirecter.cloudfunctions.net/app","securityLevel":"SECURE_OPTIONAL"},"status":"ACTIVE","entryPoint":"app","timeout":"60s","availableMemoryMb":256,"serviceAccountEmail":"redirecter@appspot.gserviceaccount.com","updateTime":"2020-09-25T17:17:20.112Z","versionId":"4","labels":{"deployment-tool":"cli-firebase","firebase-functions-hash":"6d840c7ccf53d210a9d24116d4d4c535903bdc8a"},"sourceUploadUrl":"https://storage.googleapis.com/uploads-207513475349.us-central1.cloudfunctions.appspot.com/3ae9d27f-2aeb-42c2-a58c-9f88cbd5c567.zip?GoogleAccessId=service-957426270779@gcf-admin-robot.iam.gserviceaccount.com&Expires=1678421149&Signature=Ka9k40jE5fMVGmjpZEqe37Xv0hG5b33CYySraEinsdA%2FBMl9B4QirrbEta%2F5kkl4KwEc3tgGy30Uus8BPzWndIeysQ2EAWCMtx%2BGaQFn8IEKyHAX4fFhSuj9VogOleroaRsRH%2F8%2BQ0owf%2BlIaQ%2F6X9Aq%2Fce%2FdQDon%2BasbYSXftAXF74o%2BYEaj7On17yigJwuosrhtFnbwoDBcdHNBI8TA%2Bz6WVez%2FmRAOx7xtB0P8iX1QIyIFNS9jOqD5W7VJjWcIktI3DpEPw4GhUEDL5DKryodTMJuBbAq69Gn5ApWrNFHIqSU67mrJBcBBWuiwhayNbZaeqaRqBbZHxet7YAlQg%3D%3D","environmentVariables":{"DATABASE_URL":"https://redirecter.firebaseio.com","APIS_COLLECTION":"apis","ERASE_PASSWORD":"CHICORITA11","FIREBASE_CONFIG":"{\"projectId\":\"redirecter\",\"databaseURL\":\"https://redirecter.firebaseio.com\",\"storageBucket\":\"redirecter.appspot.com\",\"locationId\":\"southamerica-east1\"}","GCLOUD_PROJECT":"redirecter","EVENTARC_CLOUD_EVENT_SOURCE":"projects/redirecter/locations/us-central1/functions/app"},"runtime":"nodejs10","ingressSettings":"ALLOW_ALL","buildId":"b2d728f0-9364-44aa-9e6a-7ec6cb40131f","dockerRegistry":"ARTIFACT_REGISTRY"},"versionId":"5","updateTime":"2023-03-10T03:35:52Z","buildId":"68db6b3f-440a-4acf-ac57-6f808d5eb4e3","sourceToken":"0b19941c-f005-433e-8267-86cb31cc897d","buildName":"projects/957426270779/locations/us-central1/builds/68db6b3f-440a-4acf-ac57-6f808d5eb4e3"}}
[debug] [2023-03-10T03:37:16.099Z] Got source token 0b19941c-f005-433e-8267-86cb31cc897d for region us-central1
[debug] [2023-03-10T03:37:26.111Z] [update-default-us-central1-app] Retrying task index 0
[debug] [2023-03-10T03:37:26.111Z] >>> [apiv2][query] GET https://cloudfunctions.googleapis.com/v1/operations/cmVkaXJlY3Rlci91cy1jZW50cmFsMS9hcHAvV21UR2dlTl9GRDQ [none]
[debug] [2023-03-10T03:37:26.772Z] <<< [apiv2][status] GET https://cloudfunctions.googleapis.com/v1/operations/cmVkaXJlY3Rlci91cy1jZW50cmFsMS9hcHAvV21UR2dlTl9GRDQ 200
[debug] [2023-03-10T03:37:26.772Z] <<< [apiv2][body] GET https://cloudfunctions.googleapis.com/v1/operations/cmVkaXJlY3Rlci91cy1jZW50cmFsMS9hcHAvV21UR2dlTl9GRDQ {"name":"operations/cmVkaXJlY3Rlci91cy1jZW50cmFsMS9hcHAvV21UR2dlTl9GRDQ","metadata":{"@type":"type.googleapis.com/google.cloud.functions.v1.OperationMetadataV1","target":"projects/redirecter/locations/us-central1/functions/app","type":"UPDATE_FUNCTION","request":{"@type":"type.googleapis.com/google.cloud.functions.v1.CloudFunction","name":"projects/redirecter/locations/us-central1/functions/app","httpsTrigger":{"url":"https://us-central1-redirecter.cloudfunctions.net/app","securityLevel":"SECURE_OPTIONAL"},"status":"ACTIVE","entryPoint":"app","timeout":"60s","availableMemoryMb":256,"serviceAccountEmail":"redirecter@appspot.gserviceaccount.com","updateTime":"2020-09-25T17:17:20.112Z","versionId":"4","labels":{"deployment-tool":"cli-firebase","firebase-functions-hash":"6d840c7ccf53d210a9d24116d4d4c535903bdc8a"},"sourceUploadUrl":"https://storage.googleapis.com/uploads-207513475349.us-central1.cloudfunctions.appspot.com/3ae9d27f-2aeb-42c2-a58c-9f88cbd5c567.zip?GoogleAccessId=service-957426270779@gcf-admin-robot.iam.gserviceaccount.com&Expires=1678421149&Signature=Ka9k40jE5fMVGmjpZEqe37Xv0hG5b33CYySraEinsdA%2FBMl9B4QirrbEta%2F5kkl4KwEc3tgGy30Uus8BPzWndIeysQ2EAWCMtx%2BGaQFn8IEKyHAX4fFhSuj9VogOleroaRsRH%2F8%2BQ0owf%2BlIaQ%2F6X9Aq%2Fce%2FdQDon%2BasbYSXftAXF74o%2BYEaj7On17yigJwuosrhtFnbwoDBcdHNBI8TA%2Bz6WVez%2FmRAOx7xtB0P8iX1QIyIFNS9jOqD5W7VJjWcIktI3DpEPw4GhUEDL5DKryodTMJuBbAq69Gn5ApWrNFHIqSU67mrJBcBBWuiwhayNbZaeqaRqBbZHxet7YAlQg%3D%3D","environmentVariables":{"DATABASE_URL":"https://redirecter.firebaseio.com","APIS_COLLECTION":"apis","ERASE_PASSWORD":"CHICORITA11","FIREBASE_CONFIG":"{\"projectId\":\"redirecter\",\"databaseURL\":\"https://redirecter.firebaseio.com\",\"storageBucket\":\"redirecter.appspot.com\",\"locationId\":\"southamerica-east1\"}","GCLOUD_PROJECT":"redirecter","EVENTARC_CLOUD_EVENT_SOURCE":"projects/redirecter/locations/us-central1/functions/app"},"runtime":"nodejs10","ingressSettings":"ALLOW_ALL","buildId":"b2d728f0-9364-44aa-9e6a-7ec6cb40131f","dockerRegistry":"ARTIFACT_REGISTRY"},"versionId":"5","updateTime":"2023-03-10T03:37:17Z","buildId":"68db6b3f-440a-4acf-ac57-6f808d5eb4e3","sourceToken":"0b19941c-f005-433e-8267-86cb31cc897d","buildName":"projects/957426270779/locations/us-central1/builds/68db6b3f-440a-4acf-ac57-6f808d5eb4e3"},"done":true,"error":{"code":3,"message":"Function failed on loading user code. This is likely due to a bug in the user code. Error message: Error: please examine your function logs to see the error cause: https://cloud.google.com/functions/docs/monitoring/logging#viewing_logs. Additional troubleshooting documentation can be found at https://cloud.google.com/functions/docs/troubleshooting#logging. Please visit https://cloud.google.com/functions/docs/troubleshooting for in-depth troubleshooting documentation."}}
[debug] [2023-03-10T03:37:26.772Z] Got source token 0b19941c-f005-433e-8267-86cb31cc897d for region us-central1
[error] Function failed on loading user code. This is likely due to a bug in the user code. Error message: Error: please examine your function logs to see the error cause: https://cloud.google.com/functions/docs/monitoring/logging#viewing_logs. Additional troubleshooting documentation can be found at https://cloud.google.com/functions/docs/troubleshooting#logging. Please visit https://cloud.google.com/functions/docs/troubleshooting for in-depth troubleshooting documentation.
[debug] [2023-03-10T03:37:26.775Z] Total Function Deployment time: 95418
[debug] [2023-03-10T03:37:26.776Z] 1 Functions Deployed
[debug] [2023-03-10T03:37:26.776Z] 1 Functions Errored
[debug] [2023-03-10T03:37:26.776Z] 0 Function Deployments Aborted
[debug] [2023-03-10T03:37:26.776Z] Average Function Deployment time: 95417
[info] 
[info] Functions deploy had errors with the following functions:
	app(us-central1)
[debug] [2023-03-10T03:37:26.952Z] Not printing URL for HTTPS function. Typically this means it didn't match a filter or we failed deployment
[info] i  functions: cleaning up build files... 
[debug] [2023-03-10T03:37:26.953Z] >>> [apiv2][query] DELETE https://artifactregistry.googleapis.com/v1beta2/projects/redirecter/locations/us-central1/repositories/gcf-artifacts/packages/app [none]
[debug] [2023-03-10T03:37:26.953Z] >>> [apiv2][query] GET https://us.gcr.io/v2/redirecter/gcf/us-central1/tags/list [none]
[debug] [2023-03-10T03:37:27.976Z] <<< [apiv2][status] DELETE https://artifactregistry.googleapis.com/v1beta2/projects/redirecter/locations/us-central1/repositories/gcf-artifacts/packages/app 200
[debug] [2023-03-10T03:37:27.976Z] <<< [apiv2][body] DELETE https://artifactregistry.googleapis.com/v1beta2/projects/redirecter/locations/us-central1/repositories/gcf-artifacts/packages/app {"name":"projects/redirecter/locations/us-central1/operations/949d44c7-ea7d-466f-9596-2df4005b6af8","metadata":{"@type":"type.googleapis.com/google.devtools.artifactregistry.v1beta2.OperationMetadata"}}
[debug] [2023-03-10T03:37:27.977Z] >>> [apiv2][query] GET https://artifactregistry.googleapis.com/v1beta2/projects/redirecter/locations/us-central1/operations/949d44c7-ea7d-466f-9596-2df4005b6af8 [none]
[debug] [2023-03-10T03:37:28.764Z] <<< [apiv2][status] GET https://us.gcr.io/v2/redirecter/gcf/us-central1/tags/list 200
[debug] [2023-03-10T03:37:28.764Z] <<< [apiv2][body] GET https://us.gcr.io/v2/redirecter/gcf/us-central1/tags/list {"child":["3daa49f1-3f77-45a9-8aa2-50a6df454318"],"manifest":{},"name":"redirecter/gcf/us-central1","tags":[]}
[debug] [2023-03-10T03:37:28.764Z] >>> [apiv2][query] GET https://us.gcr.io/v2/redirecter/gcf/us-central1/3daa49f1-3f77-45a9-8aa2-50a6df454318/tags/list [none]
[debug] [2023-03-10T03:37:28.907Z] <<< [apiv2][status] GET https://artifactregistry.googleapis.com/v1beta2/projects/redirecter/locations/us-central1/operations/949d44c7-ea7d-466f-9596-2df4005b6af8 200
[debug] [2023-03-10T03:37:28.907Z] <<< [apiv2][body] GET https://artifactregistry.googleapis.com/v1beta2/projects/redirecter/locations/us-central1/operations/949d44c7-ea7d-466f-9596-2df4005b6af8 {"name":"projects/redirecter/locations/us-central1/operations/949d44c7-ea7d-466f-9596-2df4005b6af8","metadata":{"@type":"type.googleapis.com/google.devtools.artifactregistry.v1beta2.OperationMetadata"},"done":true,"response":{"@type":"type.googleapis.com/google.protobuf.Empty"}}
[debug] [2023-03-10T03:37:29.607Z] <<< [apiv2][status] GET https://us.gcr.io/v2/redirecter/gcf/us-central1/3daa49f1-3f77-45a9-8aa2-50a6df454318/tags/list 200
[debug] [2023-03-10T03:37:29.607Z] <<< [apiv2][body] GET https://us.gcr.io/v2/redirecter/gcf/us-central1/3daa49f1-3f77-45a9-8aa2-50a6df454318/tags/list {"child":["cache","node-cache","worker"],"manifest":{"sha256:c7c711ac5c0f77cb0e4338c09894013de87ab25792642983acf9fc7b314b56dd":{"imageSizeBytes":"404995497","layerId":"","mediaType":"application/vnd.docker.distribution.manifest.v2+json","tag":["app_version-4"],"timeCreatedMs":"1600992000000","timeUploadedMs":"1601054224330"}},"name":"redirecter/gcf/us-central1/3daa49f1-3f77-45a9-8aa2-50a6df454318","tags":["app_version-4"]}
[debug] [2023-03-10T03:37:29.607Z] >>> [apiv2][query] GET https://us.gcr.io/v2/redirecter/gcf/us-central1/3daa49f1-3f77-45a9-8aa2-50a6df454318/cache/tags/list [none]
[debug] [2023-03-10T03:37:29.608Z] >>> [apiv2][query] GET https://us.gcr.io/v2/redirecter/gcf/us-central1/3daa49f1-3f77-45a9-8aa2-50a6df454318/node-cache/tags/list [none]
[debug] [2023-03-10T03:37:29.609Z] >>> [apiv2][query] GET https://us.gcr.io/v2/redirecter/gcf/us-central1/3daa49f1-3f77-45a9-8aa2-50a6df454318/worker/tags/list [none]
[debug] [2023-03-10T03:37:29.609Z] >>> [apiv2][query] DELETE https://us.gcr.io/v2/redirecter/gcf/us-central1/3daa49f1-3f77-45a9-8aa2-50a6df454318/manifests/app_version-4 [none]
[debug] [2023-03-10T03:37:30.239Z] <<< [apiv2][status] GET https://us.gcr.io/v2/redirecter/gcf/us-central1/3daa49f1-3f77-45a9-8aa2-50a6df454318/cache/tags/list 200
[debug] [2023-03-10T03:37:30.239Z] <<< [apiv2][body] GET https://us.gcr.io/v2/redirecter/gcf/us-central1/3daa49f1-3f77-45a9-8aa2-50a6df454318/cache/tags/list {"child":[],"manifest":{"sha256:93c2bbf66d216d78bef1bb58a8941c14da09b83af60f80a4608698e13c4e23cb":{"imageSizeBytes":"10472325","layerId":"","mediaType":"application/vnd.docker.distribution.manifest.v2+json","tag":["latest"],"timeCreatedMs":"315532801000","timeUploadedMs":"1598801026344"}},"name":"redirecter/gcf/us-central1/3daa49f1-3f77-45a9-8aa2-50a6df454318/cache","tags":["latest"]}
[debug] [2023-03-10T03:37:30.239Z] >>> [apiv2][query] DELETE https://us.gcr.io/v2/redirecter/gcf/us-central1/3daa49f1-3f77-45a9-8aa2-50a6df454318/cache/manifests/latest [none]
[debug] [2023-03-10T03:37:30.773Z] <<< [apiv2][status] DELETE https://us.gcr.io/v2/redirecter/gcf/us-central1/3daa49f1-3f77-45a9-8aa2-50a6df454318/manifests/app_version-4 202
[debug] [2023-03-10T03:37:30.774Z] <<< [apiv2][body] DELETE https://us.gcr.io/v2/redirecter/gcf/us-central1/3daa49f1-3f77-45a9-8aa2-50a6df454318/manifests/app_version-4 {"errors":[]}
[debug] [2023-03-10T03:37:30.774Z] >>> [apiv2][query] DELETE https://us.gcr.io/v2/redirecter/gcf/us-central1/3daa49f1-3f77-45a9-8aa2-50a6df454318/manifests/sha256:c7c711ac5c0f77cb0e4338c09894013de87ab25792642983acf9fc7b314b56dd [none]
[debug] [2023-03-10T03:37:30.869Z] <<< [apiv2][status] GET https://us.gcr.io/v2/redirecter/gcf/us-central1/3daa49f1-3f77-45a9-8aa2-50a6df454318/worker/tags/list 200
[debug] [2023-03-10T03:37:30.869Z] <<< [apiv2][body] GET https://us.gcr.io/v2/redirecter/gcf/us-central1/3daa49f1-3f77-45a9-8aa2-50a6df454318/worker/tags/list {"child":[],"manifest":{"sha256:1e58fc3b526f7468e0cc243e50cf3116e424b80e636a7ba3adbc37e1b8f8a3af":{"imageSizeBytes":"423636098","layerId":"","mediaType":"application/vnd.docker.distribution.manifest.v2+json","tag":["latest"],"timeCreatedMs":"315532801000","timeUploadedMs":"1598801022710"}},"name":"redirecter/gcf/us-central1/3daa49f1-3f77-45a9-8aa2-50a6df454318/worker","tags":["latest"]}
[debug] [2023-03-10T03:37:30.869Z] >>> [apiv2][query] DELETE https://us.gcr.io/v2/redirecter/gcf/us-central1/3daa49f1-3f77-45a9-8aa2-50a6df454318/worker/manifests/latest [none]
[debug] [2023-03-10T03:37:30.873Z] <<< [apiv2][status] GET https://us.gcr.io/v2/redirecter/gcf/us-central1/3daa49f1-3f77-45a9-8aa2-50a6df454318/node-cache/tags/list 200
[debug] [2023-03-10T03:37:30.873Z] <<< [apiv2][body] GET https://us.gcr.io/v2/redirecter/gcf/us-central1/3daa49f1-3f77-45a9-8aa2-50a6df454318/node-cache/tags/list {"child":[],"manifest":{"sha256:32f2f832fb1bb63ac6e94a21d6b743f5f84cbe6f65c91431611c1064c1e47726":{"imageSizeBytes":"9891971","layerId":"","mediaType":"application/vnd.docker.distribution.manifest.v2+json","tag":["1a890baa29d792d73a971b30188bedb07df2775aa9fcb17d8b78842d4fedb212"],"timeCreatedMs":"1600736400000","timeUploadedMs":"1600737835317"}},"name":"redirecter/gcf/us-central1/3daa49f1-3f77-45a9-8aa2-50a6df454318/node-cache","tags":["1a890baa29d792d73a971b30188bedb07df2775aa9fcb17d8b78842d4fedb212"]}
[debug] [2023-03-10T03:37:30.873Z] >>> [apiv2][query] DELETE https://us.gcr.io/v2/redirecter/gcf/us-central1/3daa49f1-3f77-45a9-8aa2-50a6df454318/node-cache/manifests/1a890baa29d792d73a971b30188bedb07df2775aa9fcb17d8b78842d4fedb212 [none]
[debug] [2023-03-10T03:37:31.379Z] <<< [apiv2][status] DELETE https://us.gcr.io/v2/redirecter/gcf/us-central1/3daa49f1-3f77-45a9-8aa2-50a6df454318/cache/manifests/latest 202
[debug] [2023-03-10T03:37:31.379Z] <<< [apiv2][body] DELETE https://us.gcr.io/v2/redirecter/gcf/us-central1/3daa49f1-3f77-45a9-8aa2-50a6df454318/cache/manifests/latest {"errors":[]}
[debug] [2023-03-10T03:37:31.380Z] >>> [apiv2][query] DELETE https://us.gcr.io/v2/redirecter/gcf/us-central1/3daa49f1-3f77-45a9-8aa2-50a6df454318/cache/manifests/sha256:93c2bbf66d216d78bef1bb58a8941c14da09b83af60f80a4608698e13c4e23cb [none]
[debug] [2023-03-10T03:37:32.021Z] <<< [apiv2][status] DELETE https://us.gcr.io/v2/redirecter/gcf/us-central1/3daa49f1-3f77-45a9-8aa2-50a6df454318/worker/manifests/latest 202
[debug] [2023-03-10T03:37:32.021Z] <<< [apiv2][body] DELETE https://us.gcr.io/v2/redirecter/gcf/us-central1/3daa49f1-3f77-45a9-8aa2-50a6df454318/worker/manifests/latest {"errors":[]}
[debug] [2023-03-10T03:37:32.021Z] >>> [apiv2][query] DELETE https://us.gcr.io/v2/redirecter/gcf/us-central1/3daa49f1-3f77-45a9-8aa2-50a6df454318/worker/manifests/sha256:1e58fc3b526f7468e0cc243e50cf3116e424b80e636a7ba3adbc37e1b8f8a3af [none]
[debug] [2023-03-10T03:37:32.056Z] <<< [apiv2][status] DELETE https://us.gcr.io/v2/redirecter/gcf/us-central1/3daa49f1-3f77-45a9-8aa2-50a6df454318/node-cache/manifests/1a890baa29d792d73a971b30188bedb07df2775aa9fcb17d8b78842d4fedb212 202
[debug] [2023-03-10T03:37:32.056Z] <<< [apiv2][body] DELETE https://us.gcr.io/v2/redirecter/gcf/us-central1/3daa49f1-3f77-45a9-8aa2-50a6df454318/node-cache/manifests/1a890baa29d792d73a971b30188bedb07df2775aa9fcb17d8b78842d4fedb212 {"errors":[]}
[debug] [2023-03-10T03:37:32.056Z] >>> [apiv2][query] DELETE https://us.gcr.io/v2/redirecter/gcf/us-central1/3daa49f1-3f77-45a9-8aa2-50a6df454318/node-cache/manifests/sha256:32f2f832fb1bb63ac6e94a21d6b743f5f84cbe6f65c91431611c1064c1e47726 [none]
[debug] [2023-03-10T03:37:32.300Z] <<< [apiv2][status] DELETE https://us.gcr.io/v2/redirecter/gcf/us-central1/3daa49f1-3f77-45a9-8aa2-50a6df454318/manifests/sha256:c7c711ac5c0f77cb0e4338c09894013de87ab25792642983acf9fc7b314b56dd 202
[debug] [2023-03-10T03:37:32.300Z] <<< [apiv2][body] DELETE https://us.gcr.io/v2/redirecter/gcf/us-central1/3daa49f1-3f77-45a9-8aa2-50a6df454318/manifests/sha256:c7c711ac5c0f77cb0e4338c09894013de87ab25792642983acf9fc7b314b56dd {"errors":[]}
[debug] [2023-03-10T03:37:32.740Z] <<< [apiv2][status] DELETE https://us.gcr.io/v2/redirecter/gcf/us-central1/3daa49f1-3f77-45a9-8aa2-50a6df454318/cache/manifests/sha256:93c2bbf66d216d78bef1bb58a8941c14da09b83af60f80a4608698e13c4e23cb 202
[debug] [2023-03-10T03:37:32.740Z] <<< [apiv2][body] DELETE https://us.gcr.io/v2/redirecter/gcf/us-central1/3daa49f1-3f77-45a9-8aa2-50a6df454318/cache/manifests/sha256:93c2bbf66d216d78bef1bb58a8941c14da09b83af60f80a4608698e13c4e23cb {"errors":[]}
[debug] [2023-03-10T03:37:33.549Z] <<< [apiv2][status] DELETE https://us.gcr.io/v2/redirecter/gcf/us-central1/3daa49f1-3f77-45a9-8aa2-50a6df454318/node-cache/manifests/sha256:32f2f832fb1bb63ac6e94a21d6b743f5f84cbe6f65c91431611c1064c1e47726 202
[debug] [2023-03-10T03:37:33.550Z] <<< [apiv2][body] DELETE https://us.gcr.io/v2/redirecter/gcf/us-central1/3daa49f1-3f77-45a9-8aa2-50a6df454318/node-cache/manifests/sha256:32f2f832fb1bb63ac6e94a21d6b743f5f84cbe6f65c91431611c1064c1e47726 {"errors":[]}
[debug] [2023-03-10T03:37:34.054Z] <<< [apiv2][status] DELETE https://us.gcr.io/v2/redirecter/gcf/us-central1/3daa49f1-3f77-45a9-8aa2-50a6df454318/worker/manifests/sha256:1e58fc3b526f7468e0cc243e50cf3116e424b80e636a7ba3adbc37e1b8f8a3af 202
[debug] [2023-03-10T03:37:34.054Z] <<< [apiv2][body] DELETE https://us.gcr.io/v2/redirecter/gcf/us-central1/3daa49f1-3f77-45a9-8aa2-50a6df454318/worker/manifests/sha256:1e58fc3b526f7468e0cc243e50cf3116e424b80e636a7ba3adbc37e1b8f8a3af {"errors":[]}
[debug] [2023-03-10T03:37:34.054Z] Functions deploy failed.
[debug] [2023-03-10T03:37:34.054Z] {
  "endpoint": {
    "id": "app",
    "project": "redirecter",
    "region": "us-central1",
    "entryPoint": "app",
    "platform": "gcfv1",
    "runtime": "nodejs10",
    "httpsTrigger": {},
    "environmentVariables": {
      "DATABASE_URL": "https://redirecter.firebaseio.com",
      "APIS_COLLECTION": "apis",
      "ERASE_PASSWORD": "CHICORITA11",
      "FIREBASE_CONFIG": "{\"projectId\":\"redirecter\",\"databaseURL\":\"https://redirecter.firebaseio.com\",\"storageBucket\":\"redirecter.appspot.com\",\"locationId\":\"southamerica-east1\"}",
      "GCLOUD_PROJECT": "redirecter",
      "EVENTARC_CLOUD_EVENT_SOURCE": "projects/redirecter/locations/us-central1/functions/app"
    },
    "codebase": "default",
    "availableMemoryMb": 256,
    "securityLevel": "SECURE_OPTIONAL",
    "targetedByOnly": false,
    "hash": "6d840c7ccf53d210a9d24116d4d4c535903bdc8a",
    "labels": {
      "deployment-tool": "cli-firebase"
    }
  },
  "op": "update",
  "original": {
    "name": "FirebaseError",
    "children": [],
    "exit": 1,
    "message": "Function failed on loading user code. This is likely due to a bug in the user code. Error message: Error: please examine your function logs to see the error cause: https://cloud.google.com/functions/docs/monitoring/logging#viewing_logs. Additional troubleshooting documentation can be found at https://cloud.google.com/functions/docs/troubleshooting#logging. Please visit https://cloud.google.com/functions/docs/troubleshooting for in-depth troubleshooting documentation.",
    "status": 3
  }
}
[debug] [2023-03-10T03:37:34.230Z] Error: Failed to update function app in region us-central1
    at C:\Users\Isaac\AppData\Roaming\npm\node_modules\firebase-tools\lib\deploy\functions\release\fabricator.js:48:11
    at processTicksAndRejections (node:internal/process/task_queues:96:5)
    at async Fabricator.updateV1Function (C:\Users\Isaac\AppData\Roaming\npm\node_modules\firebase-tools\lib\deploy\functions\release\fabricator.js:333:32)
    at async Fabricator.updateEndpoint (C:\Users\Isaac\AppData\Roaming\npm\node_modules\firebase-tools\lib\deploy\functions\release\fabricator.js:147:13)
    at async handle (C:\Users\Isaac\AppData\Roaming\npm\node_modules\firebase-tools\lib\deploy\functions\release\fabricator.js:85:17)
[error] 
[error] Error: There was an error deploying functions
